20201220 - INGESTA BOE
20201220 - INGESTA BOE
20201227 - INGESTA BOE
20201227 - INGESTA BOE
20210103 - INGESTA BOE
20210103 - INGESTA BOE
20210110 - INGESTA BOE
20210110 - INGESTA BOE
20210117 - INGESTA BOE
20210117 - INGESTA BOE
20210124 - INGESTA BOE
20210124 - INGESTA BOE
20210126 - INGESTA ARAGÓN
20210126 - INGESTA ARAGÓN
20210131 - INGESTA BOE
20210131 - INGESTA BOE
20210207 - INGESTA BOE
20210207 - INGESTA BOE
20210214 - INGESTA BOE
20210214 - INGESTA BOE
20210221 - INGESTA BOE
20210221 - INGESTA BOE
20210228 - INGESTA BOE
20210228 - INGESTA BOE
20210307 - INGESTA BOE
20210307 - INGESTA BOE
20210314 - INGESTA BOE
20210314 - INGESTA BOE
20210321 - INGESTA BOE
20210321 - INGESTA BOE
20210328 - INGESTA BOE
20210328 - INGESTA BOE
20210331 - INGESTA ARAGÓN
20210331 - INGESTA ARAGÓN
20210404 - INGESTA BOE
20210404 - INGESTA BOE
20210411 - INGESTA BOE
20210411 - INGESTA BOE
20210418 - INGESTA BOE
20210418 - INGESTA BOE
20210425 - INGESTA BOE
20210425 - INGESTA BOE
20210502 - INGESTA BOE
20210502 - INGESTA BOE
20210509 - INGESTA BOE
20210509 - INGESTA BOE
20210510 - INGESTA BOE
20210516 - INGESTA BOE
20210516 - INGESTA BOE
20210523 - INGESTA BOE
20210523 - INGESTA BOE
20210530 - INGESTA BOE
20210530 - INGESTA BOE
20210606 - INGESTA BOE
20210606 - INGESTA BOE
20210613 - INGESTA BOE
20210613 - INGESTA BOE
20210615 - INGESTA BOE
20210615 - INGESTA BOE
20210620 - INGESTA BOE
20210620 - INGESTA BOE
20210627 - INGESTA BOE
20210627 - INGESTA BOE
20210704 - INGESTA BOE
20210704 - INGESTA BOE
20210711 - INGESTA BOE
20210711 - INGESTA BOE
20210718 - INGESTA BOE
20210718 - INGESTA BOE
20210725 - INGESTA BOE
20210725 - INGESTA BOE
20210731 - INGESTA BOE
20210801 - INGESTA BOE
20210801 - INGESTA BOE
20210808 - INGESTA BOE
20210808 - INGESTA BOE
20210815 - INGESTA BOE
20210815 - INGESTA BOE
20210822 - INGESTA BOE
20210822 - INGESTA BOE
20210829 - INGESTA BOE
20210829 - INGESTA BOE
20210905 - INGESTA BOE
20210905 - INGESTA BOE
20210912 - INGESTA BOE
20210912 - INGESTA BOE
20210919 - INGESTA BOE
20210919 - INGESTA BOE
20210926 - INGESTA BOE
20210926 - INGESTA BOE
20211003 - INGESTA BOE
20211003 - INGESTA BOE
20211010 - INGESTA BOE
20211010 - INGESTA BOE
20211017 - INGESTA BOE
20211017 - INGESTA BOE
20211024 - INGESTA BOE
20211024 - INGESTA BOE
20211031 - INGESTA BOE
20211031 - INGESTA BOE
20211107 - INGESTA BOE
20211107 - INGESTA BOE
20211114 - INGESTA BOE
20211114 - INGESTA BOE
20211121 - INGESTA BOE
20211121 - INGESTA BOE
20211128 - INGESTA BOE
20211128 - INGESTA BOE
20200929 - INGESTA BOE
20210116 - INGESTA BOE
2022-01-18 - INGESTA ARAGÓN
2022-01-18 - INGESTA ARAGÓN
2022-01-18 - INGESTA BOE
2022-01-18 - INGESTA ARAGÓN
2022-01-18 - INGESTA ARAGÓN
20220117 - INGESTA BOE
20220118 - INGESTA BOE
20220117 - INGESTA BOE
20220117 - INGESTA BOE
20220117 - INGESTA BOE
20220118 - INGESTA BOE
20220118 - INGESTA BOE
20220123 - INGESTA BOE
20220123 - INGESTA BOE
20220130 - INGESTA BOE
20220130 - INGESTA BOE
20220206 - INGESTA BOE
20220206 - INGESTA BOE
20220213 - INGESTA BOE
20220213 - INGESTA BOE
20220220 - INGESTA BOE
20220220 - INGESTA BOE
20220227 - INGESTA BOE
20220227 - INGESTA BOE
20220306 - INGESTA BOE
20220306 - INGESTA BOE
20220313 - INGESTA BOE
20220313 - INGESTA BOE
20220320 - INGESTA BOE
20220320 - INGESTA BOE
20220326 - INGESTA BOE
20220327 - INGESTA BOE
20220327 - INGESTA BOE
20220403 - INGESTA BOE
20220403 - INGESTA BOE
20220410 - INGESTA BOE
20220410 - INGESTA BOE
20220417 - INGESTA BOE
20220417 - INGESTA BOE
20220424 - INGESTA BOE
20220424 - INGESTA BOE
20220501 - INGESTA BOE
20220501 - INGESTA BOE
20220508 - INGESTA BOE
20220508 - INGESTA BOE
20220515 - INGESTA BOE
20220515 - INGESTA BOE
20220522 - INGESTA BOE
20220522 - INGESTA BOE
20220524 - INGESTA BOE
20220529 - INGESTA BOE
20220529 - INGESTA BOE
20220605 - INGESTA BOE
20220605 - INGESTA BOE
20220612 - INGESTA BOE
20220612 - INGESTA BOE
20220619 - INGESTA BOE
20220619 - INGESTA BOE
20220703 - INGESTA BOE
20220703 - INGESTA BOE
20220710 - INGESTA BOE
20220710 - INGESTA BOE
20220717 - INGESTA BOE
20220717 - INGESTA BOE
20220724 - INGESTA BOE
20220724 - INGESTA BOE
20220731 - INGESTA BOE
20220731 - INGESTA BOE
20220807 - INGESTA BOE
20220807 - INGESTA BOE
20220814 - INGESTA BOE
20220814 - INGESTA BOE
20220821 - INGESTA BOE
20220821 - INGESTA BOE
20220828 - INGESTA BOE
20220828 - INGESTA BOE
20220904 - INGESTA BOE
20220904 - INGESTA BOE
20220905 - INGESTA BOE
20220911 - INGESTA BOE
20220911 - INGESTA BOE
20220915 - INGESTA BOE
20220918 - INGESTA BOE
20220918 - INGESTA BOE
20220925 - INGESTA BOE
20220925 - INGESTA BOE
20221002 - INGESTA BOE
20221002 - INGESTA BOE
20221009 - INGESTA BOE
20221009 - INGESTA BOE
20221016 - INGESTA BOE
20221016 - INGESTA BOE
20221023 - INGESTA BOE
20221023 - INGESTA BOE
20221024 - INGESTA BOE
20221030 - INGESTA BOE
20221030 - INGESTA BOE
20221104 - INGESTA BOE
20221106 - INGESTA BOE
20221106 - INGESTA BOE
20221108 - INGESTA BOE
20221109 - INGESTA BOE
20221109 - INGESTA BOE
20221110 - INGESTA BOE
20221110 - INGESTA BOE
20221111 - INGESTA BOE
20221111 - INGESTA BOE
20221112 - INGESTA BOE
20221112 - INGESTA BOE
20221113 - INGESTA BOE
20221113 - INGESTA BOE
20221114 - INGESTA BOE
20221114 - INGESTA BOE
20221115 - INGESTA BOE
20221115 - INGESTA BOE
20221116 - INGESTA BOE
20221120 - INGESTA BOE
20221120 - INGESTA BOE
20221127 - INGESTA BOE
20221127 - INGESTA BOE
20221128 - INGESTA BOE
20221128 - INGESTA BOE
20221204 - INGESTA BOE
20221204 - INGESTA BOE
20221211 - INGESTA BOE
20221211 - INGESTA BOE
20221216 - INGESTA ARAGÓN
20221218 - INGESTA BOE
20221218 - INGESTA BOE
20221225 - INGESTA BOE
20221225 - INGESTA BOE
20221229 - INGESTA BOE
20230101 - INGESTA BOE
20230101 - INGESTA BOE
20230108 - INGESTA BOE
20230108 - INGESTA BOE
20230115 - INGESTA BOE
20230115 - INGESTA BOE
20230122 - INGESTA BOE
20230122 - INGESTA BOE
20230129 - INGESTA BOE
20230129 - INGESTA BOE
20230205 - INGESTA BOE
20230205 - INGESTA BOE
20230212 - INGESTA BOE
20230212 - INGESTA BOE
20230219 - INGESTA BOE
20230219 - INGESTA BOE
20230226 - INGESTA BOE
20230226 - INGESTA BOE
20230305 - INGESTA BOE
20230305 - INGESTA BOE
20230308 - INGESTA BOE
20230312 - INGESTA BOE
20230312 - INGESTA BOE
20230319 - INGESTA BOE
20230319 - INGESTA BOE
20230326 - INGESTA BOE
20230326 - INGESTA BOE
20230402 - INGESTA BOE
20230402 - INGESTA BOE
20230409 - INGESTA BOE
20230409 - INGESTA BOE
20230416 - INGESTA BOE
20230416 - INGESTA BOE
20230423 - INGESTA BOE
20230423 - INGESTA BOE
20230430 - INGESTA BOE
20230430 - INGESTA BOE
20230507 - INGESTA BOE
20230507 - INGESTA BOE
20230514 - INGESTA BOE
20230514 - INGESTA BOE
20230521 - INGESTA BOE
20230521 - INGESTA BOE
20230528 - INGESTA BOE
20230528 - INGESTA BOE
20230604 - INGESTA BOE
20230604 - INGESTA BOE
20230611 - INGESTA BOE
20230611 - INGESTA BOE
20230618 - INGESTA BOE
20230618 - INGESTA BOE
20230727 - INGESTA BOE
20230727 - INGESTA BOE
20230727 - INGESTA BOE
20230727 - INGESTA BOE
20230727 - INGESTA ARAGÓN
20230726 - INGESTA BOE
20230726 - INGESTA BOE
20230618 - INGESTA BOE
20230730 - INGESTA BOE
20230730 - INGESTA BOE
20230625 - INGESTA BOE
20230806 - INGESTA BOE
20230806 - INGESTA BOE
20230813 - INGESTA BOE
20230813 - INGESTA BOE
20230820 - INGESTA BOE
20230820 - INGESTA BOE
20230827 - INGESTA BOE
20230827 - INGESTA BOE
20230903 - INGESTA BOE
20230903 - INGESTA BOE
20230910 - INGESTA BOE
20230910 - INGESTA BOE
20230917 - INGESTA BOE
20230917 - INGESTA BOE
20230924 - INGESTA BOE
20230924 - INGESTA BOE
20231001 - INGESTA BOE
20231001 - INGESTA BOE
20231008 - INGESTA BOE
20231008 - INGESTA BOE
20231015 - INGESTA BOE
20231015 - INGESTA BOE
20231016 - INGESTA ARAGÓN
20231016 - INGESTA ARAGÓN
20231022 - INGESTA BOE
20231022 - INGESTA BOE
20231029 - INGESTA BOE
20231029 - INGESTA BOE
20231105 - INGESTA BOE
20231105 - INGESTA BOE
20231112 - INGESTA BOE
20231112 - INGESTA BOE
20231119 - INGESTA BOE
20231119 - INGESTA BOE
20231124 - INGESTA ARAGÓN
20231124 - INGESTA ARAGÓN
20231126 - INGESTA BOE
20231126 - INGESTA BOE
20231129 - INGESTA ARAGÓN
20231203 - INGESTA BOE
20231203 - INGESTA BOE
20231210 - INGESTA BOE
20231210 - INGESTA BOE
20231217 - INGESTA BOE
20231217 - INGESTA BOE
20231224 - INGESTA BOE
20231224 - INGESTA BOE
20231231 - INGESTA BOE
20231231 - INGESTA BOE
20240107 - INGESTA BOE
20240107 - INGESTA BOE
20240114 - INGESTA BOE
20240114 - INGESTA BOE
20240121 - INGESTA BOE
20240121 - INGESTA BOE
20240128 - INGESTA BOE
20240128 - INGESTA BOE
20240204 - INGESTA BOE
20240204 - INGESTA BOE
20240211 - INGESTA BOE
20240211 - INGESTA BOE
20240218 - INGESTA BOE
20240218 - INGESTA BOE
20240225 - INGESTA BOE
20240225 - INGESTA BOE
20240303 - INGESTA BOE
20240303 - INGESTA BOE
20240310 - INGESTA BOE
20240310 - INGESTA BOE
20240317 - INGESTA BOE
20240317 - INGESTA BOE
20240324 - INGESTA BOE
20240324 - INGESTA BOE
20240331 - INGESTA BOE
20240331 - INGESTA BOE
20240407 - INGESTA BOE
20240407 - INGESTA BOE
20240414 - INGESTA BOE
20240414 - INGESTA BOE
20240421 - INGESTA BOE
20240421 - INGESTA BOE
20240426 - INGESTA ARAGÓN
20240426 - INGESTA ARAGÓN
20240428 - INGESTA BOE
20240428 - INGESTA BOE
20240505 - INGESTA BOE
20240505 - INGESTA BOE
20240512 - INGESTA BOE
20240512 - INGESTA BOE
20240519 - INGESTA BOE
20240519 - INGESTA BOE
20240526 - INGESTA BOE
20240526 - INGESTA BOE
20240528 - INGESTA BOE
20240602 - INGESTA BOE
20240602 - INGESTA BOE
20240717 - INGESTA BOE
20240716 - INGESTA BOE
20240718 - INGESTA BOE
20240718 - INGESTA BOE
20240718 - INGESTA BOE
20240718 - INGESTA BOE
20240717 - INGESTA BOE
20240717 - INGESTA BOE
20240717 - INGESTA BOE
20240721 - INGESTA BOE
20240721 - INGESTA BOE
20240721 - INGESTA BOE
20240721 - INGESTA BOE
20240721 - INGESTA BOE
20240721 - INGESTA BOE
20240721 - INGESTA BOE
20240721 - INGESTA BOE
20240723 - INGESTA BOE
20240723 - INGESTA BOE
20240723 - INGESTA BOE
20240723 - INGESTA BOE
20240724 - INGESTA BOE
20240724 - INGESTA BOE
20240724 - INGESTA BOE
20240724 - INGESTA BOE
20240725 - INGESTA BOE
20240725 - INGESTA BOE
20240725 - INGESTA BOE
20240725 - INGESTA BOE
20240728 - INGESTA BOE
20240728 - INGESTA BOE
2024-06-04 - INGESTA ARAGÓN
2024-06-04 - INGESTA ARAGÓN
2024-06-04 - INGESTA BOE
2024-06-04 - INGESTA ARAGÓN
2024-06-04 - INGESTA ARAGÓN
2024-06-04 - INGESTA ARAGÓN
2024-06-04 - INGESTA ARAGÓN
2024-06-04 - INGESTA BOE
2024-06-04 - INGESTA ARAGÓN
2024-06-04 - INGESTA ARAGÓN
2024-06-05 - INGESTA ARAGÓN
2024-06-05 - INGESTA ARAGÓN
2024-06-05 - INGESTA BOE
2024-06-05 - INGESTA ARAGÓN
2024-06-05 - INGESTA ARAGÓN
2024-06-06 - INGESTA ARAGÓN
2024-06-06 - INGESTA ARAGÓN
2024-06-06 - INGESTA BOE
2024-06-06 - INGESTA ARAGÓN
2024-06-06 - INGESTA ARAGÓN
2024-06-06 - INGESTA ARAGÓN
2024-06-06 - INGESTA ARAGÓN
2024-06-06 - INGESTA BOE
2024-06-06 - INGESTA ARAGÓN
2024-06-06 - INGESTA ARAGÓN
2024-06-07 - INGESTA ARAGÓN
2024-06-07 - INGESTA ARAGÓN
2024-06-07 - INGESTA BOE
2024-06-07 - INGESTA ARAGÓN
2024-06-07 - INGESTA ARAGÓN
20240804 - INGESTA BOE
20240804 - INGESTA BOE
20240807 - INGESTA BOE
20240807 - INGESTA BOE
20240807 - INGESTA BOE
20240808 - INGESTA BOE
20240808 - INGESTA BOE
20240808 - INGESTA BOE
20240808 - INGESTA BOE
20240808 - INGESTA BOE
20240808 - INGESTA BOE
20240808 - INGESTA BOE
20240808 - INGESTA BOE
20240808 - INGESTA BOE
BOE_20240808_1 - EXTRACCION
BOPH_20240808_1 - EXTRACCION
BOPH_20240808_2 - EXTRACCION
BOPH_20240808_6 - EXTRACCION
BOPH_20240808_7 - EXTRACCION
BOPH_20240808_19 - EXTRACCION
BOPZ_20240808_1 - EXTRACCION
BOPZ_20240808_21 - EXTRACCION
BOPZ_20240808_22 - EXTRACCION
BOPZ_20240808_34 - EXTRACCION
BOPZ_20240808_44 - EXTRACCION
BOA_20240808_6 - EXTRACCION
BOA_20240808_7 - EXTRACCION
BOA_20240808_8 - EXTRACCION
BOA_20240808_9 - EXTRACCION
BOA_20240808_10 - EXTRACCION
BOPH_20240808_5 - EXTRACCION
BOPH_20240808_13 - EXTRACCION
20240808 - INGESTA BOE
20240808 - INGESTA BOE
BOE_20240808_1 - EXTRACCION
BOPH_20240808_1 - EXTRACCION
BOPH_20240808_2 - EXTRACCION
BOPH_20240808_6 - EXTRACCION
BOPH_20240808_7 - EXTRACCION
BOPH_20240808_19 - EXTRACCION
BOPZ_20240808_1 - EXTRACCION
BOPZ_20240808_21 - EXTRACCION
BOPZ_20240808_22 - EXTRACCION
BOPZ_20240808_34 - EXTRACCION
BOPZ_20240808_44 - EXTRACCION
BOA_20240808_6 - EXTRACCION
BOA_20240808_7 - EXTRACCION
BOA_20240808_8 - EXTRACCION
BOA_20240808_9 - EXTRACCION
BOA_20240808_10 - EXTRACCION
BOPH_20240808_5 - EXTRACCION
BOPH_20240808_13 - EXTRACCION
20240808 - INGESTA BOE
BOE_20240808_1 - EXTRACCION
BOPH_20240808_1 - EXTRACCION
BOPH_20240808_2 - EXTRACCION
BOPH_20240808_6 - EXTRACCION
BOPH_20240808_7 - EXTRACCION
BOPH_20240808_19 - EXTRACCION
BOPZ_20240808_1 - EXTRACCION
BOPZ_20240808_21 - EXTRACCION
BOPZ_20240808_22 - EXTRACCION
BOPZ_20240808_34 - EXTRACCION
BOPZ_20240808_44 - EXTRACCION
BOA_20240808_6 - EXTRACCION
BOA_20240808_7 - EXTRACCION
BOA_20240808_8 - EXTRACCION
BOA_20240808_9 - EXTRACCION
BOA_20240808_10 - EXTRACCION
BOPH_20240808_5 - EXTRACCION
BOPH_20240808_13 - EXTRACCION
20240808 - INGESTA BOE
BOE_20240808_1 - EXTRACCION
BOPH_20240808_1 - EXTRACCION
BOPH_20240808_2 - EXTRACCION
BOPH_20240808_6 - EXTRACCION
BOPH_20240808_7 - EXTRACCION
BOPH_20240808_19 - EXTRACCION
BOPZ_20240808_1 - EXTRACCION
BOPZ_20240808_21 - EXTRACCION
BOPZ_20240808_22 - EXTRACCION
BOPZ_20240808_34 - EXTRACCION
BOPZ_20240808_44 - EXTRACCION
BOA_20240808_6 - EXTRACCION
BOA_20240808_7 - EXTRACCION
BOA_20240808_8 - EXTRACCION
BOA_20240808_9 - EXTRACCION
BOA_20240808_10 - EXTRACCION
BOPH_20240808_5 - EXTRACCION
BOPH_20240808_13 - EXTRACCION
20240808 - INGESTA BOE
20240808 - INGESTA BOE
20240808 - INGESTA BOE
20240808 - INGESTA BOE
20240808 - INGESTA BOE
20240808 - INGESTA BOE
20240808 - INGESTA BOE
BOE_20240808_1 - CONVERSION
BOE_20240808_1 - CONVERSION
20240808 - INGESTA BOE
BOE_20240808_1 - CONVERSION
BOPH_20240808_1 - EXTRACCION
BOPH_20240808_2 - EXTRACCION
BOPH_20240808_6 - EXTRACCION
BOPH_20240808_7 - EXTRACCION
BOPH_20240808_19 - EXTRACCION
BOPZ_20240808_1 - EXTRACCION
BOPZ_20240808_21 - EXTRACCION
BOPZ_20240808_22 - EXTRACCION
BOPZ_20240808_34 - EXTRACCION
BOPZ_20240808_44 - EXTRACCION
BOA_20240808_6 - EXTRACCION
BOA_20240808_7 - EXTRACCION
BOA_20240808_8 - EXTRACCION
BOA_20240808_9 - EXTRACCION
BOA_20240808_10 - EXTRACCION
BOPH_20240808_5 - EXTRACCION
BOPH_20240808_13 - EXTRACCION
20240808 - INGESTA BOE
BOE_20240808_1 - CONVERSION
BOPH_20240808_1 - EXTRACCION
BOPH_20240808_2 - EXTRACCION
BOPH_20240808_6 - EXTRACCION
BOPH_20240808_7 - EXTRACCION
BOPH_20240808_19 - EXTRACCION
BOPZ_20240808_1 - EXTRACCION
BOPZ_20240808_21 - EXTRACCION
BOPZ_20240808_22 - EXTRACCION
BOPZ_20240808_34 - EXTRACCION
BOPZ_20240808_44 - EXTRACCION
BOA_20240808_6 - EXTRACCION
BOA_20240808_7 - EXTRACCION
BOA_20240808_8 - EXTRACCION
BOA_20240808_9 - EXTRACCION
BOA_20240808_10 - EXTRACCION
BOPH_20240808_5 - EXTRACCION
BOPH_20240808_13 - EXTRACCION
20240808 - INGESTA BOE
BOE_20240808_1 - CONVERSION
BOE_20240808_1 - CONVERSION
BOPH_20240808_1 - EXTRACCION
BOPH_20240808_2 - EXTRACCION
BOPH_20240808_6 - EXTRACCION
BOPH_20240808_7 - EXTRACCION
BOPH_20240808_19 - EXTRACCION
BOPZ_20240808_1 - EXTRACCION
BOPZ_20240808_21 - EXTRACCION
BOPZ_20240808_22 - EXTRACCION
BOPZ_20240808_34 - EXTRACCION
BOPZ_20240808_44 - EXTRACCION
BOA_20240808_6 - EXTRACCION
BOA_20240808_7 - EXTRACCION
BOA_20240808_8 - EXTRACCION
BOA_20240808_9 - EXTRACCION
BOA_20240808_10 - EXTRACCION
BOPH_20240808_5 - EXTRACCION
BOPH_20240808_13 - EXTRACCION
20240808 - INGESTA BOE
BOE_20240808_1 - CONVERSION
BOPH_20240808_1 - EXTRACCION
BOPH_20240808_2 - EXTRACCION
BOPH_20240808_6 - EXTRACCION
BOPH_20240808_7 - EXTRACCION
BOPH_20240808_19 - EXTRACCION
BOPZ_20240808_1 - EXTRACCION
BOPZ_20240808_21 - EXTRACCION
BOPZ_20240808_22 - EXTRACCION
BOPZ_20240808_34 - EXTRACCION
BOPZ_20240808_44 - EXTRACCION
BOA_20240808_6 - EXTRACCION
BOA_20240808_7 - EXTRACCION
BOA_20240808_8 - EXTRACCION
BOA_20240808_9 - EXTRACCION
BOA_20240808_10 - EXTRACCION
BOPH_20240808_5 - EXTRACCION
BOPH_20240808_13 - EXTRACCION
20240808 - INGESTA BOE
BOE_20240808_1 - CONVERSION
BOPH_20240808_1 - EXTRACCION
BOPH_20240808_2 - EXTRACCION
BOPH_20240808_6 - EXTRACCION
BOPH_20240808_7 - EXTRACCION
BOPH_20240808_19 - EXTRACCION
BOPZ_20240808_1 - EXTRACCION
BOPZ_20240808_21 - EXTRACCION
BOPZ_20240808_22 - EXTRACCION
BOPZ_20240808_34 - EXTRACCION
BOPZ_20240808_44 - EXTRACCION
BOA_20240808_6 - EXTRACCION
BOA_20240808_7 - EXTRACCION
BOA_20240808_8 - EXTRACCION
BOA_20240808_9 - EXTRACCION
BOA_20240808_10 - EXTRACCION
BOPH_20240808_5 - EXTRACCION
BOPH_20240808_13 - EXTRACCION
20240809 - INGESTA BOE
BOE_20240809_1 - CONVERSION
20240809 - INGESTA BOE
20240809 - INGESTA BOE
BOE_20240809_1 - CONVERSION
BOA_20240809_1 - EXTRACCION
BOA_20240809_2 - EXTRACCION
BOA_20240809_3 - EXTRACCION
BOA_20240809_4 - EXTRACCION
BOA_20240809_5 - EXTRACCION
BOA_20240809_6 - EXTRACCION
BOA_20240809_7 - EXTRACCION
BOPT_20240809_1 - EXTRACCION
BOPT_20240809_8 - EXTRACCION
BOPT_20240809_12 - EXTRACCION
BOPT_20240809_13 - EXTRACCION
BOPZ_20240809_2 - EXTRACCION
BOPZ_20240809_3 - EXTRACCION
BOPZ_20240809_12 - EXTRACCION
BOPZ_20240809_33 - EXTRACCION
BOPZ_20240809_52 - EXTRACCION
BOPH_20240809_2 - EXTRACCION
BOPH_20240809_14 - EXTRACCION
BOPH_20240809_15 - EXTRACCION
BOPH_20240809_16 - EXTRACCION
BOPH_20240809_17 - EXTRACCION
BOPH_20240809_23 - EXTRACCION
BOPT_20240809_5 - EXTRACCION
BOPZ_20240809_27 - EXTRACCION
BOPH_20240809_3 - EXTRACCION
BOPH_20240809_4 - EXTRACCION
20240809 - INGESTA BOE
20240809 - INGESTA BOE
BOE_20240809_1 - CONVERSION
BOA_20240809_1 - EXTRACCION
BOA_20240809_2 - EXTRACCION
BOA_20240809_3 - EXTRACCION
BOA_20240809_4 - EXTRACCION
BOA_20240809_5 - EXTRACCION
BOA_20240809_6 - EXTRACCION
BOA_20240809_7 - EXTRACCION
BOPT_20240809_1 - EXTRACCION
BOPT_20240809_8 - EXTRACCION
BOPT_20240809_12 - EXTRACCION
BOPT_20240809_13 - EXTRACCION
BOPZ_20240809_2 - EXTRACCION
BOPZ_20240809_3 - EXTRACCION
BOPZ_20240809_12 - EXTRACCION
BOPZ_20240809_33 - EXTRACCION
BOPZ_20240809_52 - EXTRACCION
BOPH_20240809_2 - EXTRACCION
BOPH_20240809_14 - EXTRACCION
BOPH_20240809_15 - EXTRACCION
BOPH_20240809_16 - EXTRACCION
BOPH_20240809_17 - EXTRACCION
BOPH_20240809_23 - EXTRACCION
BOPT_20240809_5 - EXTRACCION
BOPZ_20240809_27 - EXTRACCION
BOPH_20240809_3 - EXTRACCION
BOPH_20240809_4 - EXTRACCION
20240810 - INGESTA BOE
BOE_20240810_1 - CONVERSION
20240811 - INGESTA BOE
20240812 - INGESTA BOE
20240812 - INGESTA BOE
BOA_20240812_2 - EXTRACCION
BOPT_20240812_2 - EXTRACCION
BOA_20240812_5 - EXTRACCION
BOA_20240812_8 - EXTRACCION
BOA_20240812_9 - EXTRACCION
BOA_20240812_10 - EXTRACCION
BOA_20240812_11 - EXTRACCION
BOA_20240812_12 - EXTRACCION
BOE_20240812_1 - EXTRACCION
BOPT_20240812_5 - EXTRACCION
BOPZ_20240812_2 - EXTRACCION
BOPZ_20240812_3 - EXTRACCION
BOPZ_20240812_4 - EXTRACCION
BOPZ_20240812_5 - EXTRACCION
BOPZ_20240812_6 - EXTRACCION
BOPZ_20240812_7 - EXTRACCION
BOPZ_20240812_8 - EXTRACCION
BOPZ_20240812_9 - EXTRACCION
BOPZ_20240812_10 - EXTRACCION
BOPZ_20240812_11 - EXTRACCION
BOPZ_20240812_12 - EXTRACCION
BOPZ_20240812_13 - EXTRACCION
20240812 - INGESTA BOE
BOA_20240812_2 - EXTRACCION
BOPT_20240812_2 - EXTRACCION
BOA_20240812_5 - EXTRACCION
BOA_20240812_8 - EXTRACCION
BOA_20240812_9 - EXTRACCION
BOA_20240812_10 - EXTRACCION
BOA_20240812_11 - EXTRACCION
BOA_20240812_12 - EXTRACCION
BOE_20240812_1 - EXTRACCION
BOPT_20240812_5 - EXTRACCION
BOPZ_20240812_2 - EXTRACCION
BOPZ_20240812_3 - EXTRACCION
BOPZ_20240812_4 - EXTRACCION
BOPZ_20240812_5 - EXTRACCION
BOPZ_20240812_6 - EXTRACCION
BOPZ_20240812_7 - EXTRACCION
BOPZ_20240812_8 - EXTRACCION
BOPZ_20240812_9 - EXTRACCION
BOPZ_20240812_10 - EXTRACCION
BOPZ_20240812_11 - EXTRACCION
BOPZ_20240812_12 - EXTRACCION
BOPZ_20240812_13 - EXTRACCION
20240812 - INGESTA BOE
BOA_20240812_2 - EXTRACCION
BOPT_20240812_2 - EXTRACCION
BOA_20240812_5 - EXTRACCION
BOA_20240812_8 - EXTRACCION
BOA_20240812_9 - EXTRACCION
BOA_20240812_10 - EXTRACCION
BOA_20240812_11 - EXTRACCION
BOA_20240812_12 - EXTRACCION
BOE_20240812_1 - EXTRACCION
BOPT_20240812_5 - EXTRACCION
BOPZ_20240812_2 - EXTRACCION
BOPZ_20240812_3 - EXTRACCION
BOPZ_20240812_4 - EXTRACCION
BOPZ_20240812_5 - EXTRACCION
BOPZ_20240812_6 - EXTRACCION
BOPZ_20240812_7 - EXTRACCION
BOPZ_20240812_8 - EXTRACCION
BOPZ_20240812_9 - EXTRACCION
BOPZ_20240812_10 - EXTRACCION
BOPZ_20240812_11 - EXTRACCION
BOPZ_20240812_12 - EXTRACCION
BOPZ_20240812_13 - EXTRACCION
20240812 - INGESTA BOE
BOA_20240812_2 - EXTRACCION
BOPT_20240812_2 - EXTRACCION
BOA_20240812_5 - EXTRACCION
BOA_20240812_8 - EXTRACCION
BOA_20240812_9 - EXTRACCION
BOA_20240812_10 - EXTRACCION
BOA_20240812_11 - EXTRACCION
BOA_20240812_12 - EXTRACCION
BOE_20240812_1 - EXTRACCION
BOPT_20240812_5 - EXTRACCION
BOPZ_20240812_2 - EXTRACCION
BOPZ_20240812_3 - EXTRACCION
BOPZ_20240812_4 - EXTRACCION
BOPZ_20240812_5 - EXTRACCION
BOPZ_20240812_6 - EXTRACCION
BOPZ_20240812_7 - EXTRACCION
BOPZ_20240812_8 - EXTRACCION
BOPZ_20240812_9 - EXTRACCION
BOPZ_20240812_10 - EXTRACCION
BOPZ_20240812_11 - EXTRACCION
BOPZ_20240812_12 - EXTRACCION
BOPZ_20240812_13 - EXTRACCION
20240812 - INGESTA BOE
BOA_20240812_2 - EXTRACCION
BOPT_20240812_2 - EXTRACCION
BOA_20240812_5 - EXTRACCION
BOA_20240812_8 - EXTRACCION
BOA_20240812_9 - EXTRACCION
BOA_20240812_10 - EXTRACCION
BOA_20240812_11 - EXTRACCION
BOA_20240812_12 - EXTRACCION
BOE_20240812_1 - EXTRACCION
BOPT_20240812_5 - EXTRACCION
BOPZ_20240812_2 - EXTRACCION
BOPZ_20240812_3 - EXTRACCION
BOPZ_20240812_4 - EXTRACCION
BOPZ_20240812_5 - EXTRACCION
BOPZ_20240812_6 - EXTRACCION
BOPZ_20240812_7 - EXTRACCION
BOPZ_20240812_8 - EXTRACCION
BOPZ_20240812_9 - EXTRACCION
BOPZ_20240812_10 - EXTRACCION
BOPZ_20240812_11 - EXTRACCION
BOPZ_20240812_12 - EXTRACCION
BOPZ_20240812_13 - EXTRACCION
20240812 - INGESTA BOE
BOA_20240812_2 - EXTRACCION
BOPT_20240812_2 - EXTRACCION
BOA_20240812_5 - EXTRACCION
BOA_20240812_8 - EXTRACCION
BOA_20240812_9 - EXTRACCION
BOA_20240812_10 - EXTRACCION
BOA_20240812_11 - EXTRACCION
BOA_20240812_12 - EXTRACCION
BOE_20240812_1 - EXTRACCION
BOPT_20240812_5 - EXTRACCION
BOPZ_20240812_2 - EXTRACCION
BOPZ_20240812_3 - EXTRACCION
BOPZ_20240812_4 - EXTRACCION
BOPZ_20240812_5 - EXTRACCION
BOPZ_20240812_6 - EXTRACCION
BOPZ_20240812_7 - EXTRACCION
BOPZ_20240812_8 - EXTRACCION
BOPZ_20240812_9 - EXTRACCION
BOPZ_20240812_10 - EXTRACCION
BOPZ_20240812_11 - EXTRACCION
BOPZ_20240812_12 - EXTRACCION
BOPZ_20240812_13 - EXTRACCION
20240812 - INGESTA BOE
BOA_20240812_2 - EXTRACCION
BOPT_20240812_2 - EXTRACCION
BOA_20240812_5 - EXTRACCION
BOA_20240812_8 - EXTRACCION
BOA_20240812_9 - EXTRACCION
BOA_20240812_10 - EXTRACCION
BOA_20240812_11 - EXTRACCION
BOA_20240812_12 - EXTRACCION
BOE_20240812_1 - EXTRACCION
BOPT_20240812_5 - EXTRACCION
BOPZ_20240812_2 - EXTRACCION
BOPZ_20240812_3 - EXTRACCION
BOPZ_20240812_4 - EXTRACCION
BOPZ_20240812_5 - EXTRACCION
BOPZ_20240812_6 - EXTRACCION
BOPZ_20240812_7 - EXTRACCION
BOPZ_20240812_8 - EXTRACCION
BOPZ_20240812_9 - EXTRACCION
BOPZ_20240812_10 - EXTRACCION
BOPZ_20240812_11 - EXTRACCION
BOPZ_20240812_12 - EXTRACCION
BOPZ_20240812_13 - EXTRACCION
20240812 - INGESTA BOE
BOA_20240812_2 - EXTRACCION
BOPT_20240812_2 - EXTRACCION
BOA_20240812_5 - EXTRACCION
BOA_20240812_8 - EXTRACCION
BOA_20240812_9 - EXTRACCION
BOA_20240812_10 - EXTRACCION
BOA_20240812_11 - EXTRACCION
BOA_20240812_12 - EXTRACCION
BOE_20240812_1 - EXTRACCION
BOPT_20240812_5 - EXTRACCION
BOPZ_20240812_2 - EXTRACCION
BOPZ_20240812_3 - EXTRACCION
BOPZ_20240812_4 - EXTRACCION
BOPZ_20240812_5 - EXTRACCION
BOPZ_20240812_6 - EXTRACCION
BOPZ_20240812_7 - EXTRACCION
BOPZ_20240812_8 - EXTRACCION
BOPZ_20240812_9 - EXTRACCION
BOPZ_20240812_10 - EXTRACCION
BOPZ_20240812_11 - EXTRACCION
BOPZ_20240812_12 - EXTRACCION
BOPZ_20240812_13 - EXTRACCION
20240813 - INGESTA BOE
BOA_20240813_1 - EXTRACCION
BOA_20240813_2 - EXTRACCION
BOE_20240813_1 - EXTRACCION
BOPT_20240813_1 - EXTRACCION
BOPT_20240813_2 - EXTRACCION
BOPT_20240813_3 - EXTRACCION
BOPT_20240813_4 - EXTRACCION
BOPT_20240813_5 - EXTRACCION
BOA_20240813_5 - EXTRACCION
BOA_20240813_6 - EXTRACCION
BOA_20240813_7 - EXTRACCION
BOA_20240813_8 - EXTRACCION
BOA_20240813_9 - EXTRACCION
BOA_20240813_10 - EXTRACCION
BOA_20240813_11 - EXTRACCION
BOA_20240813_12 - EXTRACCION
BOA_20240813_13 - EXTRACCION
BOPZ_20240813_16 - EXTRACCION
BOPZ_20240813_23 - EXTRACCION
20240813 - INGESTA BOE
BOA_20240813_1 - EXTRACCION
BOA_20240813_2 - EXTRACCION
BOE_20240813_1 - EXTRACCION
BOPT_20240813_1 - EXTRACCION
BOPT_20240813_2 - EXTRACCION
BOPT_20240813_3 - EXTRACCION
BOPT_20240813_4 - EXTRACCION
BOPT_20240813_5 - EXTRACCION
BOA_20240813_5 - EXTRACCION
BOA_20240813_6 - EXTRACCION
BOA_20240813_7 - EXTRACCION
BOA_20240813_8 - EXTRACCION
BOA_20240813_9 - EXTRACCION
BOA_20240813_10 - EXTRACCION
BOA_20240813_11 - EXTRACCION
BOA_20240813_12 - EXTRACCION
BOA_20240813_13 - EXTRACCION
BOPZ_20240813_16 - EXTRACCION
BOPZ_20240813_23 - EXTRACCION
20240813 - INGESTA BOE
BOA_20240813_1 - EXTRACCION
BOA_20240813_2 - EXTRACCION
BOE_20240813_1 - EXTRACCION
BOPT_20240813_1 - EXTRACCION
BOPT_20240813_2 - EXTRACCION
BOPT_20240813_3 - EXTRACCION
BOPT_20240813_4 - EXTRACCION
BOPT_20240813_5 - EXTRACCION
BOA_20240813_5 - EXTRACCION
BOA_20240813_6 - EXTRACCION
BOA_20240813_7 - EXTRACCION
BOA_20240813_8 - EXTRACCION
BOA_20240813_9 - EXTRACCION
BOA_20240813_10 - EXTRACCION
BOA_20240813_11 - EXTRACCION
BOA_20240813_12 - EXTRACCION
BOA_20240813_13 - EXTRACCION
BOPZ_20240813_16 - EXTRACCION
BOPZ_20240813_23 - EXTRACCION
20240813 - INGESTA BOE
BOA_20240813_1 - EXTRACCION
BOA_20240813_2 - EXTRACCION
BOE_20240813_1 - EXTRACCION
BOPT_20240813_1 - EXTRACCION
BOPT_20240813_2 - EXTRACCION
BOPT_20240813_3 - EXTRACCION
BOPT_20240813_4 - EXTRACCION
BOPT_20240813_5 - EXTRACCION
BOA_20240813_5 - EXTRACCION
BOA_20240813_6 - EXTRACCION
BOA_20240813_7 - EXTRACCION
BOA_20240813_8 - EXTRACCION
BOA_20240813_9 - EXTRACCION
BOA_20240813_10 - EXTRACCION
BOA_20240813_11 - EXTRACCION
BOA_20240813_12 - EXTRACCION
BOA_20240813_13 - EXTRACCION
BOPZ_20240813_16 - EXTRACCION
BOPZ_20240813_23 - EXTRACCION
20240813 - INGESTA BOE
BOA_20240813_1 - EXTRACCION
BOA_20240813_2 - EXTRACCION
BOE_20240813_1 - EXTRACCION
BOPT_20240813_1 - EXTRACCION
BOPT_20240813_2 - EXTRACCION
BOPT_20240813_3 - EXTRACCION
BOPT_20240813_4 - EXTRACCION
BOPT_20240813_5 - EXTRACCION
BOA_20240813_5 - EXTRACCION
BOA_20240813_6 - EXTRACCION
BOA_20240813_7 - EXTRACCION
BOA_20240813_8 - EXTRACCION
BOA_20240813_9 - EXTRACCION
BOA_20240813_10 - EXTRACCION
BOA_20240813_11 - EXTRACCION
BOA_20240813_12 - EXTRACCION
BOA_20240813_13 - EXTRACCION
BOPZ_20240813_16 - EXTRACCION
BOPZ_20240813_23 - EXTRACCION
20240813 - INGESTA BOE
20240813 - INGESTA BOE
BOA_20240813_1 - EXTRACCION
BOA_20240813_2 - EXTRACCION
BOE_20240813_1 - EXTRACCION
BOPT_20240813_1 - EXTRACCION
BOPT_20240813_2 - EXTRACCION
BOPT_20240813_3 - EXTRACCION
BOPT_20240813_4 - EXTRACCION
BOPT_20240813_5 - EXTRACCION
BOA_20240813_5 - EXTRACCION
BOA_20240813_6 - EXTRACCION
BOA_20240813_7 - EXTRACCION
BOA_20240813_8 - EXTRACCION
BOA_20240813_9 - EXTRACCION
BOA_20240813_10 - EXTRACCION
BOA_20240813_11 - EXTRACCION
BOA_20240813_12 - EXTRACCION
BOA_20240813_13 - EXTRACCION
BOPZ_20240813_16 - EXTRACCION
BOPZ_20240813_23 - EXTRACCION
20240813 - INGESTA BOE
BOA_20240813_1 - EXTRACCION
BOA_20240813_2 - EXTRACCION
BOE_20240813_1 - EXTRACCION
BOPT_20240813_1 - EXTRACCION
BOPT_20240813_2 - EXTRACCION
BOPT_20240813_3 - EXTRACCION
BOPT_20240813_4 - EXTRACCION
BOPT_20240813_5 - EXTRACCION
BOA_20240813_5 - EXTRACCION
BOA_20240813_6 - EXTRACCION
BOA_20240813_7 - EXTRACCION
BOA_20240813_8 - EXTRACCION
BOA_20240813_9 - EXTRACCION
BOA_20240813_10 - EXTRACCION
BOA_20240813_11 - EXTRACCION
BOA_20240813_12 - EXTRACCION
BOA_20240813_13 - EXTRACCION
BOPZ_20240813_16 - EXTRACCION
BOPZ_20240813_23 - EXTRACCION
20240814 - INGESTA BOE
BOE_20240814_1 - CONVERSION
BOA_20240814_8 - EXTRACCION
BOA_20240814_9 - EXTRACCION
BOA_20240814_10 - EXTRACCION
BOPH_20240814_5 - EXTRACCION
BOPH_20240814_6 - EXTRACCION
BOPH_20240814_7 - EXTRACCION
BOPH_20240814_8 - EXTRACCION
BOPZ_20240814_8 - EXTRACCION
BOPZ_20240814_19 - EXTRACCION
BOA_20240814_14 - EXTRACCION
BOA_20240814_15 - EXTRACCION
BOA_20240814_16 - EXTRACCION
BOA_20240814_17 - EXTRACCION
BOA_20240814_18 - EXTRACCION
BOA_20240814_19 - EXTRACCION
BOPZ_20240814_7 - EXTRACCION
20240814 - INGESTA BOE
20240814 - INGESTA BOE
BOE_20240814_1 - CONVERSION
BOA_20240814_8 - EXTRACCION
BOA_20240814_9 - EXTRACCION
BOA_20240814_10 - EXTRACCION
BOPH_20240814_5 - EXTRACCION
BOPH_20240814_6 - EXTRACCION
BOPH_20240814_7 - EXTRACCION
BOPH_20240814_8 - EXTRACCION
BOPZ_20240814_8 - EXTRACCION
BOPZ_20240814_19 - EXTRACCION
BOA_20240814_14 - EXTRACCION
BOA_20240814_15 - EXTRACCION
BOA_20240814_16 - EXTRACCION
BOA_20240814_17 - EXTRACCION
BOA_20240814_18 - EXTRACCION
BOA_20240814_19 - EXTRACCION
BOPZ_20240814_7 - EXTRACCION
20240814 - INGESTA BOE
20240814 - INGESTA BOE
BOE_20240814_1 - CONVERSION
BOA_20240814_8 - EXTRACCION
BOA_20240814_9 - EXTRACCION
BOA_20240814_10 - EXTRACCION
BOPH_20240814_5 - EXTRACCION
BOPH_20240814_6 - EXTRACCION
BOPH_20240814_7 - EXTRACCION
BOPH_20240814_8 - EXTRACCION
BOPZ_20240814_8 - EXTRACCION
BOPZ_20240814_19 - EXTRACCION
BOA_20240814_14 - EXTRACCION
BOA_20240814_15 - EXTRACCION
BOA_20240814_16 - EXTRACCION
BOA_20240814_17 - EXTRACCION
BOA_20240814_18 - EXTRACCION
BOA_20240814_19 - EXTRACCION
BOPZ_20240814_7 - EXTRACCION
20240814 - INGESTA BOE
BOE_20240814_1 - CONVERSION
BOA_20240814_8 - EXTRACCION
BOA_20240814_9 - EXTRACCION
BOA_20240814_10 - EXTRACCION
BOPH_20240814_5 - EXTRACCION
BOPH_20240814_6 - EXTRACCION
BOPH_20240814_7 - EXTRACCION
BOPH_20240814_8 - EXTRACCION
BOPZ_20240814_8 - EXTRACCION
BOPZ_20240814_19 - EXTRACCION
BOA_20240814_14 - EXTRACCION
BOA_20240814_15 - EXTRACCION
BOA_20240814_16 - EXTRACCION
BOA_20240814_17 - EXTRACCION
BOA_20240814_18 - EXTRACCION
BOA_20240814_19 - EXTRACCION
BOPZ_20240814_7 - EXTRACCION
20240814 - INGESTA BOE
20240814 - INGESTA BOE
BOE_20240814_1 - CONVERSION
BOE_20240814_1 - CONVERSION
BOA_20240814_8 - EXTRACCION
BOA_20240814_9 - EXTRACCION
BOA_20240814_10 - EXTRACCION
BOPH_20240814_5 - EXTRACCION
BOPH_20240814_6 - EXTRACCION
BOPH_20240814_7 - EXTRACCION
BOPH_20240814_8 - EXTRACCION
BOPZ_20240814_8 - EXTRACCION
BOPZ_20240814_19 - EXTRACCION
BOA_20240814_8 - EXTRACCION
BOA_20240814_9 - EXTRACCION
BOA_20240814_10 - EXTRACCION
BOPH_20240814_5 - EXTRACCION
BOPH_20240814_6 - EXTRACCION
BOPH_20240814_7 - EXTRACCION
BOPH_20240814_8 - EXTRACCION
BOPZ_20240814_8 - EXTRACCION
BOPZ_20240814_19 - EXTRACCION
BOA_20240814_14 - EXTRACCION
BOA_20240814_14 - EXTRACCION
BOA_20240814_15 - EXTRACCION
BOA_20240814_15 - EXTRACCION
BOA_20240814_16 - EXTRACCION
BOA_20240814_16 - EXTRACCION
BOA_20240814_17 - EXTRACCION
BOA_20240814_17 - EXTRACCION
BOA_20240814_18 - EXTRACCION
BOA_20240814_18 - EXTRACCION
BOA_20240814_19 - EXTRACCION
BOA_20240814_19 - EXTRACCION
BOPZ_20240814_7 - EXTRACCION
BOPZ_20240814_7 - EXTRACCION
20240814 - INGESTA BOE
BOE_20240814_1 - CONVERSION
BOA_20240814_8 - EXTRACCION
BOA_20240814_9 - EXTRACCION
BOA_20240814_10 - EXTRACCION
BOPH_20240814_5 - EXTRACCION
BOPH_20240814_6 - EXTRACCION
BOPH_20240814_7 - EXTRACCION
BOPH_20240814_8 - EXTRACCION
BOPZ_20240814_8 - EXTRACCION
BOPZ_20240814_19 - EXTRACCION
BOA_20240814_14 - EXTRACCION
BOA_20240814_15 - EXTRACCION
BOA_20240814_16 - EXTRACCION
BOA_20240814_17 - EXTRACCION
BOA_20240814_18 - EXTRACCION
BOA_20240814_19 - EXTRACCION
BOPZ_20240814_7 - EXTRACCION
20240815 - INGESTA BOE
BOE_20240815_1 - EXTRACCION
20240816 - INGESTA BOE
BOE_20240816_1 - CONVERSION
BOA_20240816_3 - EXTRACCION
BOA_20240816_4 - EXTRACCION
BOPT_20240816_2 - EXTRACCION
BOPT_20240816_5 - EXTRACCION
BOPT_20240816_10 - EXTRACCION
BOPZ_20240816_13 - EXTRACCION
BOPZ_20240816_14 - EXTRACCION
BOPZ_20240816_15 - EXTRACCION
BOPH_20240816_20 - EXTRACCION
BOPZ_20240816_18 - EXTRACCION
20240816 - INGESTA BOE
BOE_20240816_1 - CONVERSION
BOA_20240816_3 - EXTRACCION
BOA_20240816_4 - EXTRACCION
BOPT_20240816_2 - EXTRACCION
BOPT_20240816_5 - EXTRACCION
BOPT_20240816_10 - EXTRACCION
BOPZ_20240816_13 - EXTRACCION
BOPZ_20240816_14 - EXTRACCION
BOPZ_20240816_15 - EXTRACCION
BOPH_20240816_20 - EXTRACCION
BOPZ_20240816_18 - EXTRACCION
20240817 - INGESTA BOE
BOE_20240817_1 - EXTRACCION
20240818 - INGESTA BOE
20240819 - INGESTA BOE
BOE_20240819_1 - CONVERSION
BOA_20240819_1 - EXTRACCION
BOA_20240819_6 - EXTRACCION
BOPT_20240819_1 - EXTRACCION
BOPT_20240819_6 - EXTRACCION
BOPZ_20240819_8 - EXTRACCION
BOA_20240819_2 - EXTRACCION
BOA_20240819_3 - EXTRACCION
BOA_20240819_4 - EXTRACCION
BOA_20240819_5 - EXTRACCION
BOA_20240819_7 - EXTRACCION
BOA_20240819_8 - EXTRACCION
BOA_20240819_9 - EXTRACCION
20240820 - INGESTA BOE
BOE_20240820_1 - CONVERSION
BOPH_20240820_6 - EXTRACCION
BOPT_20240820_3 - EXTRACCION
BOPT_20240820_10 - EXTRACCION
BOPZ_20240820_10 - EXTRACCION
BOPZ_20240820_15 - EXTRACCION
BOPZ_20240820_16 - EXTRACCION
BOPZ_20240820_17 - EXTRACCION
BOPZ_20240820_18 - EXTRACCION
BOPZ_20240820_20 - EXTRACCION
BOPZ_20240820_27 - EXTRACCION
BOA_20240820_5 - EXTRACCION
BOA_20240820_6 - EXTRACCION
BOPZ_20240820_3 - EXTRACCION
20240821 - INGESTA BOE
BOA_20240821_1 - EXTRACCION
BOE_20240821_1 - EXTRACCION
BOPH_20240821_5 - EXTRACCION
BOPT_20240821_1 - EXTRACCION
BOA_20240821_2 - EXTRACCION
BOA_20240821_3 - EXTRACCION
20240822 - INGESTA BOE
BOE_20240822_1 - CONVERSION
BOA_20240822_1 - EXTRACCION
BOPH_20240822_1 - EXTRACCION
BOPH_20240822_9 - EXTRACCION
BOPH_20240822_13 - EXTRACCION
BOPH_20240822_21 - EXTRACCION
BOPH_20240822_22 - EXTRACCION
BOPH_20240822_23 - EXTRACCION
BOPH_20240822_25 - EXTRACCION
BOPT_20240822_5 - EXTRACCION
BOPT_20240822_6 - EXTRACCION
BOPZ_20240822_9 - EXTRACCION
BOPZ_20240822_11 - EXTRACCION
BOPZ_20240822_17 - EXTRACCION
BOPZ_20240822_19 - EXTRACCION
BOA_20240822_4 - EXTRACCION
BOA_20240822_5 - EXTRACCION
BOPZ_20240822_7 - EXTRACCION
BOPZ_20240822_20 - EXTRACCION
20240823 - INGESTA BOE
BOA_20240823_1 - EXTRACCION
BOA_20240823_4 - EXTRACCION
BOA_20240823_5 - EXTRACCION
BOA_20240823_6 - EXTRACCION
BOA_20240823_7 - EXTRACCION
BOA_20240823_11 - EXTRACCION
BOE_20240823_1 - EXTRACCION
BOPH_20240823_14 - EXTRACCION
BOPH_20240823_15 - EXTRACCION
BOPH_20240823_16 - EXTRACCION
BOPH_20240823_17 - EXTRACCION
BOPH_20240823_18 - EXTRACCION
BOPH_20240823_19 - EXTRACCION
BOPT_20240823_15 - EXTRACCION
BOPZ_20240823_4 - EXTRACCION
BOPZ_20240823_5 - EXTRACCION
BOPZ_20240823_6 - EXTRACCION
BOPZ_20240823_7 - EXTRACCION
BOPZ_20240823_25 - EXTRACCION
BOPZ_20240823_26 - EXTRACCION
BOPZ_20240823_27 - EXTRACCION
BOPZ_20240823_28 - EXTRACCION
BOPZ_20240823_29 - EXTRACCION
BOA_20240823_12 - EXTRACCION
20240824 - INGESTA BOE
BOE_20240824_1 - EXTRACCION
20240825 - INGESTA BOE
20240826 - INGESTA BOE
BOE_20240826_1 - CONVERSION
BOA_20240826_1 - EXTRACCION
BOA_20240826_4 - EXTRACCION
BOA_20240826_5 - EXTRACCION
BOPH_20240826_5 - EXTRACCION
BOPH_20240826_7 - EXTRACCION
BOPH_20240826_10 - EXTRACCION
BOPZ_20240826_59 - EXTRACCION
BOPZ_20240826_61 - EXTRACCION
BOPZ_20240826_62 - EXTRACCION
BOA_20240826_7 - EXTRACCION
BOA_20240826_8 - EXTRACCION
BOPH_20240826_3 - EXTRACCION
BOPZ_20240826_24 - EXTRACCION
BOPZ_20240826_25 - EXTRACCION
BOPZ_20240826_38 - EXTRACCION
20240826 - INGESTA ARAGÃ“N
20240826 - INGESTA BOE
20240826 - INGESTA BOE
BOE_20240826_1 - CONVERSION
BOA_20240826_1 - EXTRACCION
BOA_20240826_4 - EXTRACCION
BOA_20240826_5 - EXTRACCION
BOPZ_20240826_59 - EXTRACCION
BOPZ_20240826_61 - EXTRACCION
BOPZ_20240826_62 - EXTRACCION
BOPH_20240826_5 - EXTRACCION
BOPZ_20240826_24 - EXTRACCION
BOPZ_20240826_25 - EXTRACCION
BOPZ_20240826_38 - EXTRACCION
BOA_20240826_7 - EXTRACCION
BOE_20240826_1 - CONVERSION
BOA_20240826_8 - EXTRACCION
BOPH_20240826_3 - EXTRACCION
BOA_20240826_1 - EXTRACCION
BOA_20240826_4 - EXTRACCION
BOA_20240826_5 - EXTRACCION
BOPZ_20240826_59 - EXTRACCION
BOPZ_20240826_61 - EXTRACCION
BOPZ_20240826_62 - EXTRACCION
BOPH_20240826_5 - EXTRACCION
BOPH_20240826_7 - EXTRACCION
BOPH_20240826_10 - EXTRACCION
BOPZ_20240826_24 - EXTRACCION
BOPZ_20240826_25 - EXTRACCION
BOPZ_20240826_38 - EXTRACCION
BOA_20240826_7 - EXTRACCION
BOA_20240826_8 - EXTRACCION
BOPH_20240826_3 - EXTRACCION
20240826 - INGESTA BOE
BOE_20240826_1 - CONVERSION
BOA_20240826_1 - EXTRACCION
BOA_20240826_4 - EXTRACCION
BOA_20240826_5 - EXTRACCION
BOPH_20240826_5 - EXTRACCION
BOPH_20240826_7 - EXTRACCION
BOPH_20240826_10 - EXTRACCION
BOPZ_20240826_59 - EXTRACCION
BOPZ_20240826_61 - EXTRACCION
BOPZ_20240826_62 - EXTRACCION
BOA_20240826_7 - EXTRACCION
BOA_20240826_8 - EXTRACCION
BOPH_20240826_3 - EXTRACCION
BOPZ_20240826_24 - EXTRACCION
BOPZ_20240826_25 - EXTRACCION
BOPZ_20240826_38 - EXTRACCION
BOA_20240826_7 - CIERRES
BOA_20240826_8 - CIERRES
BOPH_20240826_3 - CIERRES
BOPZ_20240826_24 - CIERRES
BOPZ_20240826_25 - CIERRES
BOPZ_20240826_38 - CIERRES
20240826 - INGESTA BOE
BOE_20240826_1 - CONVERSION
BOA_20240826_1 - EXTRACCION
BOA_20240826_4 - EXTRACCION
BOA_20240826_5 - EXTRACCION
BOPH_20240826_5 - EXTRACCION
BOPH_20240826_7 - EXTRACCION
BOPH_20240826_10 - EXTRACCION
BOPZ_20240826_59 - EXTRACCION
BOPZ_20240826_61 - EXTRACCION
BOPZ_20240826_62 - EXTRACCION
BOA_20240826_7 - EXTRACCION
BOA_20240826_8 - EXTRACCION
BOPH_20240826_3 - EXTRACCION
BOPZ_20240826_24 - EXTRACCION
BOPZ_20240826_25 - EXTRACCION
BOPZ_20240826_38 - EXTRACCION
BOA_20240826_7 - CIERRES
BOA_20240826_8 - CIERRES
BOPH_20240826_3 - CIERRES
BOPZ_20240826_24 - CIERRES
BOPZ_20240826_25 - CIERRES
BOPZ_20240826_38 - CIERRES
20240826 - INGESTA BOE
BOE_20240826_1 - CONVERSION
BOA_20240826_1 - EXTRACCION
BOA_20240826_4 - EXTRACCION
BOA_20240826_5 - EXTRACCION
BOPH_20240826_5 - EXTRACCION
BOPH_20240826_7 - EXTRACCION
BOPH_20240826_10 - EXTRACCION
BOPZ_20240826_59 - EXTRACCION
BOPZ_20240826_61 - EXTRACCION
BOPZ_20240826_62 - EXTRACCION
BOA_20240826_7 - EXTRACCION
BOA_20240826_8 - EXTRACCION
BOPH_20240826_3 - EXTRACCION
BOPZ_20240826_24 - EXTRACCION
BOPZ_20240826_25 - EXTRACCION
BOPZ_20240826_38 - EXTRACCION
20240826 - INGESTA BOE
20240826 - INGESTA BOPH
20240826 - INGESTA BOPZ
20240826 - INGESTA BOE
20240826 - INGESTA BOPH
20240826 - INGESTA BOPZ
BOE_20240826_1 - CONVERSION
BOA_20240826_1 - EXTRACCION
BOA_20240826_4 - EXTRACCION
BOA_20240826_5 - EXTRACCION
BOPH_20240826_5 - EXTRACCION
BOPH_20240826_7 - EXTRACCION
BOPH_20240826_10 - EXTRACCION
BOPZ_20240826_59 - EXTRACCION
BOPZ_20240826_61 - EXTRACCION
BOPZ_20240826_62 - EXTRACCION
BOA_20240826_7 - EXTRACCION
BOA_20240826_8 - EXTRACCION
BOPH_20240826_3 - EXTRACCION
BOPZ_20240826_24 - EXTRACCION
BOPZ_20240826_25 - EXTRACCION
BOPZ_20240826_38 - EXTRACCION
20240826 - INGESTA BOE
20240826 - INGESTA BOPH
20240826 - INGESTA BOPZ
BOE_20240826_1 - CONVERSION
BOA_20240826_1 - EXTRACCION
BOA_20240826_4 - EXTRACCION
BOA_20240826_5 - EXTRACCION
BOPH_20240826_5 - EXTRACCION
BOPH_20240826_7 - EXTRACCION
BOPH_20240826_10 - EXTRACCION
BOPZ_20240826_59 - EXTRACCION
BOPZ_20240826_61 - EXTRACCION
BOPZ_20240826_62 - EXTRACCION
BOA_20240826_7 - EXTRACCION
BOA_20240826_8 - EXTRACCION
BOPH_20240826_3 - EXTRACCION
BOPZ_20240826_24 - EXTRACCION
BOPZ_20240826_25 - EXTRACCION
BOPZ_20240826_38 - EXTRACCION
20240826 - INGESTA BOPH
20240826 - INGESTA BOPZ
20240826 - INGESTA BOPH
20240826 - INGESTA BOPZ
20240826 - INGESTA BOPH
20240826 - INGESTA BOPZ
BOA_20240826_1 - EXTRACCION
BOA_20240826_4 - EXTRACCION
BOA_20240826_5 - EXTRACCION
BOPH_20240826_5 - EXTRACCION
BOPH_20240826_7 - EXTRACCION
BOPH_20240826_10 - EXTRACCION
BOPZ_20240826_59 - EXTRACCION
BOPZ_20240826_61 - EXTRACCION
BOPZ_20240826_62 - EXTRACCION
BOE_20240826_1 - EXTRACCION
BOE_20240826_2 - EXTRACCION
BOE_20240826_3 - EXTRACCION
BOE_20240826_4 - EXTRACCION
BOE_20240826_5 - EXTRACCION
BOE_20240826_6 - EXTRACCION
BOE_20240826_7 - EXTRACCION
BOE_20240826_8 - EXTRACCION
BOE_20240826_9 - EXTRACCION
BOE_20240826_10 - EXTRACCION
BOE_20240826_11 - EXTRACCION
BOA_20240826_7 - EXTRACCION
BOA_20240826_8 - EXTRACCION
BOPH_20240826_3 - EXTRACCION
BOPZ_20240826_24 - EXTRACCION
BOPZ_20240826_25 - EXTRACCION
BOPZ_20240826_38 - EXTRACCION
BOE_20240826_12 - EXTRACCION
BOE_20240826_13 - EXTRACCION
20240826 - INGESTA BOPH
20240826 - INGESTA BOPZ
20240826 - INGESTA BOPH
20240826 - INGESTA BOPZ
20240826 - INGESTA BOPH
20240826 - INGESTA BOPZ
BOA_20240826_1 - EXTRACCION
BOA_20240826_4 - EXTRACCION
BOA_20240826_5 - EXTRACCION
BOPH_20240826_5 - EXTRACCION
BOPH_20240826_7 - EXTRACCION
BOPH_20240826_10 - EXTRACCION
BOPZ_20240826_59 - EXTRACCION
BOPZ_20240826_61 - EXTRACCION
BOPZ_20240826_62 - EXTRACCION
BOE_20240826_1 - EXTRACCION
BOE_20240826_2 - EXTRACCION
BOE_20240826_3 - EXTRACCION
BOE_20240826_4 - EXTRACCION
BOE_20240826_5 - EXTRACCION
BOE_20240826_6 - EXTRACCION
BOE_20240826_7 - EXTRACCION
BOE_20240826_8 - EXTRACCION
BOE_20240826_9 - EXTRACCION
BOE_20240826_10 - EXTRACCION
BOE_20240826_11 - EXTRACCION
BOA_20240826_7 - EXTRACCION
BOA_20240826_8 - EXTRACCION
BOPH_20240826_3 - EXTRACCION
BOPZ_20240826_24 - EXTRACCION
BOPZ_20240826_25 - EXTRACCION
BOPZ_20240826_38 - EXTRACCION
BOE_20240826_12 - EXTRACCION
BOE_20240826_13 - EXTRACCION
BOA_20240826_1 - EXTRACCION
BOA_20240826_4 - EXTRACCION
BOA_20240826_5 - EXTRACCION
BOPH_20240826_5 - EXTRACCION
BOPH_20240826_7 - EXTRACCION
BOPH_20240826_10 - EXTRACCION
BOPZ_20240826_59 - EXTRACCION
BOPZ_20240826_61 - EXTRACCION
BOPZ_20240826_62 - EXTRACCION
BOE_20240826_1 - EXTRACCION
BOE_20240826_2 - EXTRACCION
BOE_20240826_3 - EXTRACCION
BOE_20240826_4 - EXTRACCION
BOE_20240826_5 - EXTRACCION
BOE_20240826_6 - EXTRACCION
BOE_20240826_7 - EXTRACCION
BOE_20240826_8 - EXTRACCION
BOE_20240826_9 - EXTRACCION
BOE_20240826_10 - EXTRACCION
BOE_20240826_11 - EXTRACCION
BOA_20240826_7 - EXTRACCION
BOA_20240826_8 - EXTRACCION
BOPH_20240826_3 - EXTRACCION
BOPZ_20240826_24 - EXTRACCION
BOPZ_20240826_25 - EXTRACCION
BOPZ_20240826_38 - EXTRACCION
BOE_20240826_12 - EXTRACCION
BOE_20240826_13 - EXTRACCION
BOA_20240826_1 - EXTRACCION
BOA_20240826_4 - EXTRACCION
BOA_20240826_5 - EXTRACCION
BOPH_20240826_5 - EXTRACCION
BOPH_20240826_7 - EXTRACCION
BOPH_20240826_10 - EXTRACCION
BOPZ_20240826_59 - EXTRACCION
BOPZ_20240826_61 - EXTRACCION
BOPZ_20240826_62 - EXTRACCION
BOE_20240826_1 - EXTRACCION
BOE_20240826_2 - EXTRACCION
BOE_20240826_3 - EXTRACCION
BOE_20240826_4 - EXTRACCION
BOE_20240826_5 - EXTRACCION
BOE_20240826_6 - EXTRACCION
BOE_20240826_7 - EXTRACCION
BOE_20240826_8 - EXTRACCION
BOE_20240826_9 - EXTRACCION
BOE_20240826_10 - EXTRACCION
BOE_20240826_11 - EXTRACCION
BOA_20240826_7 - EXTRACCION
BOA_20240826_8 - EXTRACCION
BOPH_20240826_3 - EXTRACCION
BOPZ_20240826_24 - EXTRACCION
BOPZ_20240826_25 - EXTRACCION
BOPZ_20240826_38 - EXTRACCION
BOE_20240826_12 - EXTRACCION
BOE_20240826_13 - EXTRACCION
20240827 - INGESTA BOA
20240827 - INGESTA BOE
20240827 - INGESTA BOPH
20240827 - INGESTA BOA
20240827 - INGESTA BOE
20240827 - INGESTA BOPH
20240827 - INGESTA BOA
20240827 - INGESTA BOE
20240827 - INGESTA BOPH
20240827 - INGESTA BOA
20240827 - INGESTA BOE
20240827 - INGESTA BOPH
20240827 - INGESTA BOA
20240827 - INGESTA BOE
20240827 - INGESTA BOPH
20240827 - INGESTA BOA
20240827 - INGESTA BOE
20240827 - INGESTA BOPH
20240827 - INGESTA ARAGÃ“N
20240827 - INGESTA BOE
20240827 - INGESTA ARAGÃ“N
20240827 - INGESTA ARAGÃ“N
20240827 - INGESTA BOE
20240827 - INGESTA ARAGÃ“N
20240827 - INGESTA ARAGÃ“N
20240827 - INGESTA BOE
20240827 - INGESTA ARAGÃ“N
20240827 - INGESTA ARAGÃ“N
20240827 - INGESTA BOE
20240827 - INGESTA ARAGÃ“N
20240827 - INGESTA ARAGÃ“N
20240827 - INGESTA BOE
20240827 - INGESTA ARAGÃ“N
20240827 - INGESTA ARAGÃ“N
20240827 - INGESTA BOE
20240827 - INGESTA ARAGÃ“N
20240827 - INGESTA ARAGÃ“N
20240827 - INGESTA BOE
20240827 - INGESTA ARAGÃ“N
20240827 - INGESTA ARAGÃ“N
20240827 - INGESTA BOE
20240827 - INGESTA ARAGÃ“N
20240827 - INGESTA ARAGÃ“N
20240827 - INGESTA BOE
20240827 - INGESTA ARAGÃ“N
20240827 - INGESTA ARAGÃ“N
20240827 - INGESTA BOE
20240827 - INGESTA ARAGÃ“N
20240827 - INGESTA ARAGÃ“N
20240827 - INGESTA BOE
20240827 - INGESTA ARAGÃ“N
20240827 - INGESTA ARAGÃ“N
20240827 - INGESTA BOE
20240827 - INGESTA ARAGÃ“N
20240827 - INGESTA ARAGÃ“N
20240827 - INGESTA BOE
20240827 - INGESTA ARAGÃ“N
20240827 - INGESTA ARAGÃ“N
20240827 - INGESTA BOE
20240827 - INGESTA ARAGÃ“N
20240827 - INGESTA ARAGÃ“N
20240827 - INGESTA BOE
20240827 - INGESTA ARAGÃ“N
20240828 - INGESTA ARAGÃ“N
20240828 - INGESTA BOE
20240828 - INGESTA ARAGÃ“N
20240828 - INGESTA ARAGÃ“N
20240828 - INGESTA ARAGÃ“N
20240828 - INGESTA BOE
20240828 - INGESTA ARAGÃ“N
20240828 - INGESTA ARAGÃ“N
20240828 - INGESTA ARAGÃ“N
20240828 - INGESTA BOE
20240828 - INGESTA ARAGÃ“N
20240828 - INGESTA ARAGÃ“N
BOA_20240828_1 - CONVERSION
BOPH_20240828_21 - CONVERSION
BOPZ_20240828_1 - CONVERSION
20240828 - INGESTA BOE
20240828 - INGESTA BOE
20240828 - INGESTA BOE
20240828 - INGESTA ARAGÃ“N
20240828 - INGESTA BOE
BOE_20240828_2 - EXTRACCION
BOE_20240828_5 - EXTRACCION
BOE_20240828_6 - EXTRACCION
BOE_20240828_7 - EXTRACCION
BOE_20240828_8 - EXTRACCION
BOE_20240828_9 - EXTRACCION
BOE_20240828_10 - EXTRACCION
BOE_20240828_11 - EXTRACCION
BOE_20240828_12 - EXTRACCION
BOE_20240828_13 - EXTRACCION
BOE_20240828_14 - EXTRACCION
BOE_20240828_15 - EXTRACCION
BOE_20240828_16 - EXTRACCION
BOE_20240828_17 - EXTRACCION
BOE_20240828_18 - EXTRACCION
BOE_20240828_19 - EXTRACCION
BOE_20240828_20 - EXTRACCION
BOE_20240828_21 - EXTRACCION
BOE_20240828_22 - EXTRACCION
BOE_20240828_23 - EXTRACCION
BOE_20240828_24 - EXTRACCION
BOE_20240828_25 - EXTRACCION
BOE_20240828_26 - EXTRACCION
BOE_20240828_27 - EXTRACCION
BOE_20240828_28 - EXTRACCION
BOE_20240828_29 - EXTRACCION
BOE_20240828_30 - EXTRACCION
BOE_20240828_31 - EXTRACCION
BOE_20240828_32 - EXTRACCION
BOE_20240828_33 - EXTRACCION
BOE_20240828_34 - EXTRACCION
BOE_20240828_35 - EXTRACCION
BOE_20240828_36 - EXTRACCION
BOE_20240828_37 - EXTRACCION
BOE_20240828_38 - EXTRACCION
BOE_20240828_39 - EXTRACCION
BOE_20240828_40 - EXTRACCION
BOE_20240828_41 - EXTRACCION
BOE_20240828_42 - EXTRACCION
BOE_20240828_43 - EXTRACCION
BOE_20240828_44 - EXTRACCION
BOE_20240828_45 - EXTRACCION
BOE_20240828_46 - EXTRACCION
BOE_20240828_47 - EXTRACCION
BOE_20240828_48 - EXTRACCION
20240830 - INGESTA BOE
20240830 - INGESTA BOE
20240829 - INGESTA BOE
20240829 - INGESTA BOE
20240829 - INGESTA BOE
BOE_20240829_2 - SEGUNDO ALMACENAMIENTO
20240830 - INGESTA BOE
BOE_20240830_2 - SEGUNDO ALMACENAMIENTO
20240831 - INGESTA BOE
20240902 - INGESTA ARAGÃ“N
20240902 - INGESTA ARAGÃ“N
20240902 - INGESTA ARAGÃ“N
20240902 - INGESTA BOE
20240902 - INGESTA ARAGÃ“N
20240902 - INGESTA ARAGÃ“N
20240902 - INGESTA ARAGÃ“N
20240902 - INGESTA BOE
20240902 - INGESTA ARAGÃ“N
20240902 - INGESTA ARAGÃ“N
20240902 - INGESTA ARAGÃ“N
BOE_20240902_4 - SEGUNDO ALMACENAMIENTO
20240902 - INGESTA BOE
20240902 - INGESTA ARAGÃ“N
20240902 - INGESTA ARAGÃ“N
20240902 - INGESTA ARAGÃ“N
20240831 - INGESTA BOE
20240831 - INGESTA ARAGÃ“N
20240831 - INGESTA BOE
20240831 - INGESTA ARAGÃ“N
20240827 - INGESTA BOE
20240827 - INGESTA ARAGÃ“N
20240827 - INGESTA ARAGÃ“N
20240827 - INGESTA ARAGÃ“N
BOA_20240827_1 - CONVERSION
BOPH_20240827_8 - CONVERSION
20240827 - INGESTA BOE
20240827 - INGESTA ARAGÃ“N
20240827 - INGESTA ARAGÃ“N
20240827 - INGESTA ARAGÃ“N
BOA_20240827_1 - CONVERSION
BOPH_20240827_8 - CONVERSION
20240902 - INGESTA BOE
20240902 - INGESTA ARAGÃ“N
20240902 - INGESTA ARAGÃ“N
20240902 - INGESTA ARAGÃ“N
20240903 - INGESTA BOE
20240903 - INGESTA ARAGÃ“N
20240903 - INGESTA ARAGÃ“N
20240903 - INGESTA ARAGÃ“N
20240904 - INGESTA BOE
20240904 - INGESTA ARAGÃ“N
20240904 - INGESTA ARAGÃ“N
20240904 - INGESTA ARAGÃ“N
20240904 - INGESTA BOE
20240904 - INGESTA ARAGÃ“N
20240904 - INGESTA ARAGÃ“N
20240904 - INGESTA ARAGÃ“N
20240905 - INGESTA BOE
20240905 - INGESTA ARAGÃ“N
20240905 - INGESTA ARAGÃ“N
20240905 - INGESTA ARAGÃ“N
20240905 - INGESTA BOE
20240905 - INGESTA ARAGÃ“N
20240905 - INGESTA ARAGÃ“N
20240905 - INGESTA ARAGÃ“N
20240906 - INGESTA BOE
20240906 - INGESTA ARAGÃ“N
20240906 - INGESTA ARAGÃ“N
20240906 - INGESTA ARAGÃ“N
20240906 - INGESTA BOE
20240906 - INGESTA ARAGÃ“N
20240906 - INGESTA ARAGÃ“N
20240906 - INGESTA ARAGÃ“N
20240907 - INGESTA BOE
20240907 - INGESTA ARAGÃ“N
20240907 - INGESTA BOE
20240907 - INGESTA ARAGÃ“N
20240909 - INGESTA BOE
20240909 - INGESTA ARAGÃ“N
20240909 - INGESTA ARAGÃ“N
20240909 - INGESTA ARAGÃ“N
20240909 - INGESTA BOE
20240909 - INGESTA ARAGÃ“N
20240909 - INGESTA ARAGÃ“N
20240909 - INGESTA ARAGÃ“N
20240910 - INGESTA BOE
20240910 - INGESTA ARAGÃ“N
20240910 - INGESTA ARAGÃ“N
20240910 - INGESTA ARAGÃ“N
20240910 - INGESTA BOE
20240910 - INGESTA ARAGÃ“N
20240910 - INGESTA ARAGÃ“N
20240910 - INGESTA ARAGÃ“N
20240911 - INGESTA BOE
20240911 - INGESTA ARAGÃ“N
20240911 - INGESTA ARAGÃ“N
20240911 - INGESTA ARAGÃ“N
20240911 - INGESTA BOE
20240911 - INGESTA ARAGÃ“N
20240911 - INGESTA ARAGÃ“N
20240911 - INGESTA ARAGÃ“N
20240912 - INGESTA BOE
20240912 - INGESTA ARAGÃ“N
20240912 - INGESTA ARAGÃ“N
20240912 - INGESTA ARAGÃ“N
20240912 - INGESTA BOE
20240912 - INGESTA ARAGÃ“N
20240912 - INGESTA ARAGÃ“N
20240912 - INGESTA ARAGÃ“N
20240913 - INGESTA BOE
20240913 - INGESTA ARAGÃ“N
20240913 - INGESTA ARAGÃ“N
20240913 - INGESTA ARAGÃ“N
20240913 - INGESTA BOE
20240913 - INGESTA ARAGÃ“N
20240913 - INGESTA ARAGÃ“N
20240913 - INGESTA ARAGÃ“N
20240914 - INGESTA BOE
20240914 - INGESTA ARAGÃ“N
20240914 - INGESTA BOE
20240914 - INGESTA ARAGÃ“N
20240916 - INGESTA BOE
20240916 - INGESTA ARAGÃ“N
20240916 - INGESTA ARAGÃ“N
20240916 - INGESTA ARAGÃ“N
20240916 - INGESTA BOE
20240916 - INGESTA ARAGÃ“N
20240916 - INGESTA ARAGÃ“N
20240916 - INGESTA ARAGÃ“N
20240917 - INGESTA BOE
20240917 - INGESTA ARAGÃ“N
20240917 - INGESTA ARAGÃ“N
20240917 - INGESTA ARAGÃ“N
BOE_20240917_1 - EXTRACCION
BOE_20240917_1 - EXTRACCION
BOE_20240917_1 - EXTRACCION
BOE_20240917_1 - EXTRACCION
BOE_20240917_1 - EXTRACCION
BOE_20240918_1 - EXTRACCION
BOE_20240918_2 - EXTRACCION
BOE_20240918_3 - EXTRACCION
BOPH_20240918_3 - EXTRACCION
BOPH_20240918_9 - EXTRACCION
BOA_20240918_2 - EXTRACCION
BOA_20240918_3 - EXTRACCION
BOA_20240918_4 - EXTRACCION
BOE_20240918_28 - EXTRACCION
BOE_20240918_29 - EXTRACCION
BOE_20240918_31 - EXTRACCION
BOE_20240918_1 - EXTRACCION
BOE_20240918_2 - EXTRACCION
BOE_20240918_3 - EXTRACCION
BOE_20240918_1 - EXTRACCION
BOE_20240918_2 - EXTRACCION
BOE_20240918_3 - EXTRACCION
BOPH_20240918_3 - EXTRACCION
BOPH_20240918_9 - EXTRACCION
BOA_20240918_2 - EXTRACCION
BOA_20240918_3 - EXTRACCION
BOA_20240918_4 - EXTRACCION
BOE_20240918_28 - EXTRACCION
BOE_20240918_29 - EXTRACCION
BOE_20240918_31 - EXTRACCION
BOE_20240918_33 - EXTRACCION
BOE_20240918_34 - EXTRACCION
BOE_20240918_35 - EXTRACCION
BOPT_20240918_11 - EXTRACCION
BOA_20240918_2 - EXTRACCION
BOA_20240918_2 - EXTRACCION
BOE_20240917_1 - EXTRACCION
BOE_20240917_1 - EXTRACCION
BOE_20240918_1 - EXTRACCION
BOE_20240918_4 - EXTRACCION
BOE_20240918_5 - EXTRACCION
BOE_20240918_6 - EXTRACCION
BOE_20240918_7 - EXTRACCION
BOE_20240918_8 - EXTRACCION
BOE_20240918_9 - EXTRACCION
BOE_20240918_10 - EXTRACCION
BOE_20240918_11 - EXTRACCION
BOE_20240918_12 - EXTRACCION
BOE_20240918_13 - EXTRACCION
BOE_20240918_14 - EXTRACCION
BOE_20240918_15 - EXTRACCION
BOE_20240918_16 - EXTRACCION
BOE_20240918_17 - EXTRACCION
BOE_20240918_18 - EXTRACCION
BOA_20240918_2 - EXTRACCION
BOA_20240918_2 - EXTRACCION
BOA_20240918_2 - EXTRACCION
BOA_20240918_2 - EXTRACCION
BOA_20240919_1 - EXTRACCION
BOA_20240919_2 - EXTRACCION
BOA_20240919_1 - EXTRACCION
BOA_20240919_2 - EXTRACCION
BOA_20240919_1 - EXTRACCION
BOA_20240919_2 - EXTRACCION
20240919 - INGESTA BOE
BOE_20240919_1 - CONVERSION
BOE_20240919_2 - CONVERSION
BOE_20240919_3 - CONVERSION
BOE_20240919_4 - CONVERSION
BOE_20240919_5 - CONVERSION
BOE_20240919_6 - CONVERSION
BOE_20240919_7 - CONVERSION
BOE_20240919_8 - CONVERSION
BOE_20240919_9 - CONVERSION
BOE_20240919_10 - CONVERSION
BOE_20240919_11 - CONVERSION
BOE_20240919_12 - CONVERSION
BOE_20240919_13 - CONVERSION
BOE_20240919_14 - CONVERSION
BOE_20240919_15 - CONVERSION
BOE_20240919_16 - CONVERSION
BOE_20240919_17 - CONVERSION
BOE_20240919_18 - CONVERSION
BOE_20240919_19 - CONVERSION
BOE_20240919_20 - CONVERSION
BOE_20240919_21 - CONVERSION
BOE_20240919_22 - CONVERSION
BOE_20240919_23 - CONVERSION
BOE_20240919_24 - CONVERSION
BOE_20240919_25 - CONVERSION
BOE_20240919_26 - CONVERSION
BOE_20240919_27 - CONVERSION
BOE_20240919_28 - CONVERSION
BOE_20240919_29 - CONVERSION
BOE_20240919_30 - CONVERSION
BOE_20240919_31 - CONVERSION
BOE_20240919_32 - CONVERSION
BOE_20240919_33 - CONVERSION
BOE_20240919_34 - CONVERSION
BOE_20240919_35 - CONVERSION
BOE_20240919_36 - CONVERSION
BOE_20240919_37 - CONVERSION
BOE_20240919_38 - CONVERSION
BOE_20240919_39 - CONVERSION
BOE_20240919_40 - CONVERSION
BOE_20240919_41 - CONVERSION
BOPH_20240919_4 - CONVERSION
BOA_20240919_1 - CONVERSION
BOA_20240919_2 - CONVERSION
BOA_20240919_3 - CONVERSION
BOA_20240919_5 - CONVERSION
BOE_20240919_42 - CONVERSION
BOE_20240919_43 - CONVERSION
BOE_20240919_44 - CONVERSION
BOE_20240919_45 - CONVERSION
BOE_20240919_46 - CONVERSION
BOE_20240919_47 - CONVERSION
BOE_20240919_48 - CONVERSION
BOE_20240919_49 - CONVERSION
BOE_20240919_50 - CONVERSION
BOE_20240919_51 - CONVERSION
BOE_20240919_52 - CONVERSION
BOE_20240919_53 - CONVERSION
BOPZ_20240919_1 - CONVERSION
BOPZ_20240919_2 - CONVERSION
BOPZ_20240919_3 - CONVERSION
BOPZ_20240919_4 - CONVERSION
BOPZ_20240919_7 - CONVERSION
BOPZ_20240919_8 - CONVERSION
BOPZ_20240919_9 - CONVERSION
BOPZ_20240919_10 - CONVERSION
BOPZ_20240919_11 - CONVERSION
BOPZ_20240919_18 - CONVERSION
BOPZ_20240919_22 - CONVERSION
BOPZ_20240919_34 - CONVERSION
BOA_20240919_1 - EXTRACCION
BOA_20240919_2 - EXTRACCION
BOA_20240919_3 - EXTRACCION
BOA_20240919_5 - EXTRACCION
BOE_20240919_42 - EXTRACCION
BOE_20240919_43 - EXTRACCION
BOE_20240919_44 - EXTRACCION
BOE_20240919_45 - EXTRACCION
BOE_20240919_46 - EXTRACCION
BOE_20240919_47 - EXTRACCION
BOE_20240919_48 - EXTRACCION
BOE_20240919_49 - EXTRACCION
BOE_20240919_50 - EXTRACCION
BOE_20240919_51 - EXTRACCION
BOE_20240919_52 - EXTRACCION
BOE_20240919_53 - EXTRACCION
BOPZ_20240919_1 - EXTRACCION
BOPZ_20240919_2 - EXTRACCION
BOPZ_20240919_3 - EXTRACCION
BOPZ_20240919_4 - EXTRACCION
BOPZ_20240919_7 - EXTRACCION
BOPZ_20240919_8 - EXTRACCION
BOPZ_20240919_9 - EXTRACCION
BOPZ_20240919_10 - EXTRACCION
BOPZ_20240919_11 - EXTRACCION
BOPZ_20240919_18 - EXTRACCION
BOPZ_20240919_22 - EXTRACCION
BOPZ_20240919_34 - EXTRACCION
20240919 - INGESTA BOE
BOE_20240919_1 - CONVERSION
BOE_20240919_2 - CONVERSION
BOE_20240919_3 - CONVERSION
BOE_20240919_4 - CONVERSION
BOE_20240919_5 - CONVERSION
BOE_20240919_6 - CONVERSION
BOE_20240919_7 - CONVERSION
BOE_20240919_8 - CONVERSION
BOE_20240919_9 - CONVERSION
BOE_20240919_10 - CONVERSION
BOE_20240919_11 - CONVERSION
BOE_20240919_12 - CONVERSION
BOE_20240919_13 - CONVERSION
BOE_20240919_14 - CONVERSION
BOE_20240919_15 - CONVERSION
BOE_20240919_16 - CONVERSION
BOE_20240919_17 - CONVERSION
BOE_20240919_18 - CONVERSION
BOE_20240919_19 - CONVERSION
BOE_20240919_20 - CONVERSION
BOE_20240919_21 - CONVERSION
BOE_20240919_22 - CONVERSION
BOE_20240919_23 - CONVERSION
BOE_20240919_24 - CONVERSION
BOE_20240919_25 - CONVERSION
BOE_20240919_26 - CONVERSION
BOE_20240919_27 - CONVERSION
BOE_20240919_28 - CONVERSION
BOE_20240919_29 - CONVERSION
BOE_20240919_30 - CONVERSION
BOE_20240919_31 - CONVERSION
BOE_20240919_32 - CONVERSION
BOE_20240919_33 - CONVERSION
BOE_20240919_34 - CONVERSION
BOE_20240919_35 - CONVERSION
BOE_20240919_36 - CONVERSION
BOE_20240919_37 - CONVERSION
BOE_20240919_38 - CONVERSION
BOE_20240919_39 - CONVERSION
BOE_20240919_40 - CONVERSION
BOE_20240919_41 - CONVERSION
BOPH_20240919_4 - CONVERSION
BOA_20240919_1 - CONVERSION
BOA_20240919_2 - CONVERSION
BOA_20240919_3 - CONVERSION
BOA_20240919_5 - CONVERSION
BOE_20240919_42 - CONVERSION
BOE_20240919_43 - CONVERSION
BOE_20240919_44 - CONVERSION
BOE_20240919_45 - CONVERSION
BOE_20240919_46 - CONVERSION
BOE_20240919_47 - CONVERSION
BOE_20240919_48 - CONVERSION
BOE_20240919_49 - CONVERSION
BOE_20240919_50 - CONVERSION
BOE_20240919_51 - CONVERSION
BOE_20240919_52 - CONVERSION
BOE_20240919_53 - CONVERSION
BOPZ_20240919_1 - CONVERSION
BOPZ_20240919_2 - CONVERSION
BOPZ_20240919_3 - CONVERSION
BOPZ_20240919_4 - CONVERSION
BOPZ_20240919_7 - CONVERSION
BOPZ_20240919_8 - CONVERSION
BOPZ_20240919_9 - CONVERSION
BOPZ_20240919_10 - CONVERSION
BOPZ_20240919_11 - CONVERSION
BOPZ_20240919_18 - CONVERSION
BOPZ_20240919_22 - CONVERSION
BOPZ_20240919_34 - CONVERSION
BOA_20240919_1 - EXTRACCION
BOA_20240919_2 - EXTRACCION
BOA_20240919_3 - EXTRACCION
BOA_20240919_5 - EXTRACCION
BOE_20240919_42 - EXTRACCION
BOE_20240919_43 - EXTRACCION
BOE_20240919_44 - EXTRACCION
BOE_20240919_45 - EXTRACCION
BOE_20240919_46 - EXTRACCION
BOE_20240919_47 - EXTRACCION
BOE_20240919_48 - EXTRACCION
BOE_20240919_49 - EXTRACCION
BOE_20240919_50 - EXTRACCION
BOE_20240919_51 - EXTRACCION
BOE_20240919_52 - EXTRACCION
BOE_20240919_53 - EXTRACCION
BOPZ_20240919_1 - EXTRACCION
BOPZ_20240919_2 - EXTRACCION
BOPZ_20240919_3 - EXTRACCION
BOPZ_20240919_4 - EXTRACCION
BOPZ_20240919_7 - EXTRACCION
BOPZ_20240919_8 - EXTRACCION
BOPZ_20240919_9 - EXTRACCION
BOPZ_20240919_10 - EXTRACCION
BOPZ_20240919_11 - EXTRACCION
BOPZ_20240919_18 - EXTRACCION
BOPZ_20240919_22 - EXTRACCION
BOPZ_20240919_34 - EXTRACCION
BOE_20240919_1 - CONVERSION
BOE_20240919_2 - CONVERSION
BOE_20240919_3 - CONVERSION
BOE_20240919_4 - CONVERSION
BOE_20240919_5 - CONVERSION
BOE_20240919_6 - CONVERSION
BOE_20240919_7 - CONVERSION
BOE_20240919_8 - CONVERSION
BOE_20240919_9 - CONVERSION
BOE_20240919_10 - CONVERSION
BOE_20240919_11 - CONVERSION
BOE_20240919_12 - CONVERSION
BOE_20240919_13 - CONVERSION
BOE_20240919_14 - CONVERSION
BOE_20240919_15 - CONVERSION
BOE_20240919_16 - CONVERSION
BOE_20240919_17 - CONVERSION
BOE_20240919_18 - CONVERSION
BOE_20240919_19 - CONVERSION
BOE_20240919_20 - CONVERSION
BOE_20240919_21 - CONVERSION
BOE_20240919_22 - CONVERSION
BOE_20240919_23 - CONVERSION
BOE_20240919_24 - CONVERSION
BOE_20240919_25 - CONVERSION
BOE_20240919_26 - CONVERSION
BOE_20240919_27 - CONVERSION
BOE_20240919_28 - CONVERSION
BOE_20240919_29 - CONVERSION
BOE_20240919_30 - CONVERSION
BOE_20240919_31 - CONVERSION
BOE_20240919_32 - CONVERSION
BOE_20240919_33 - CONVERSION
BOE_20240919_34 - CONVERSION
BOE_20240919_35 - CONVERSION
BOE_20240919_36 - CONVERSION
BOE_20240919_37 - CONVERSION
BOE_20240919_38 - CONVERSION
BOE_20240919_39 - CONVERSION
BOE_20240919_40 - CONVERSION
BOE_20240919_41 - CONVERSION
BOPH_20240919_4 - CONVERSION
BOA_20240919_1 - CONVERSION
BOA_20240919_2 - CONVERSION
BOA_20240919_3 - CONVERSION
BOA_20240919_5 - CONVERSION
BOE_20240919_42 - CONVERSION
BOE_20240919_43 - CONVERSION
BOE_20240919_44 - CONVERSION
BOE_20240919_45 - CONVERSION
BOE_20240919_46 - CONVERSION
BOE_20240919_47 - CONVERSION
BOE_20240919_48 - CONVERSION
BOE_20240919_49 - CONVERSION
BOE_20240919_50 - CONVERSION
BOE_20240919_51 - CONVERSION
BOE_20240919_52 - CONVERSION
BOE_20240919_53 - CONVERSION
BOPZ_20240919_1 - CONVERSION
BOPZ_20240919_2 - CONVERSION
BOPZ_20240919_3 - CONVERSION
BOPZ_20240919_4 - CONVERSION
BOPZ_20240919_7 - CONVERSION
BOPZ_20240919_8 - CONVERSION
BOPZ_20240919_9 - CONVERSION
BOPZ_20240919_10 - CONVERSION
BOPZ_20240919_11 - CONVERSION
BOPZ_20240919_18 - CONVERSION
BOPZ_20240919_22 - CONVERSION
BOPZ_20240919_34 - CONVERSION
BOA_20240919_1 - EXTRACCION
BOA_20240919_2 - EXTRACCION
BOA_20240919_3 - EXTRACCION
BOA_20240919_5 - EXTRACCION
BOE_20240919_42 - EXTRACCION
BOE_20240919_43 - EXTRACCION
BOE_20240919_44 - EXTRACCION
BOE_20240919_45 - EXTRACCION
BOE_20240919_46 - EXTRACCION
BOE_20240919_47 - EXTRACCION
BOE_20240919_48 - EXTRACCION
BOE_20240919_49 - EXTRACCION
BOE_20240919_50 - EXTRACCION
BOE_20240919_51 - EXTRACCION
BOE_20240919_52 - EXTRACCION
BOE_20240919_53 - EXTRACCION
BOPZ_20240919_1 - EXTRACCION
BOPZ_20240919_2 - EXTRACCION
BOPZ_20240919_3 - EXTRACCION
BOPZ_20240919_4 - EXTRACCION
BOPZ_20240919_7 - EXTRACCION
BOPZ_20240919_8 - EXTRACCION
BOPZ_20240919_9 - EXTRACCION
BOPZ_20240919_10 - EXTRACCION
BOPZ_20240919_11 - EXTRACCION
BOPZ_20240919_18 - EXTRACCION
BOPZ_20240919_22 - EXTRACCION
BOPZ_20240919_34 - EXTRACCION
BOE_20240919_1 - CONVERSION
BOE_20240919_2 - CONVERSION
BOE_20240919_3 - CONVERSION
BOE_20240919_4 - CONVERSION
BOE_20240919_5 - CONVERSION
BOE_20240919_6 - CONVERSION
BOE_20240919_7 - CONVERSION
BOE_20240919_8 - CONVERSION
BOE_20240919_9 - CONVERSION
BOE_20240919_10 - CONVERSION
BOE_20240919_11 - CONVERSION
BOE_20240919_12 - CONVERSION
BOE_20240919_13 - CONVERSION
BOE_20240919_14 - CONVERSION
BOE_20240919_15 - CONVERSION
BOE_20240919_16 - CONVERSION
BOE_20240919_17 - CONVERSION
BOE_20240919_18 - CONVERSION
BOE_20240919_19 - CONVERSION
BOE_20240919_20 - CONVERSION
BOE_20240919_21 - CONVERSION
BOE_20240919_22 - CONVERSION
BOE_20240919_23 - CONVERSION
BOE_20240919_24 - CONVERSION
BOE_20240919_25 - CONVERSION
BOE_20240919_26 - CONVERSION
BOE_20240919_27 - CONVERSION
BOE_20240919_28 - CONVERSION
BOE_20240919_29 - CONVERSION
BOE_20240919_30 - CONVERSION
BOE_20240919_31 - CONVERSION
BOE_20240919_32 - CONVERSION
BOE_20240919_33 - CONVERSION
BOE_20240919_34 - CONVERSION
BOE_20240919_35 - CONVERSION
BOE_20240919_36 - CONVERSION
BOE_20240919_37 - CONVERSION
BOE_20240919_38 - CONVERSION
BOE_20240919_39 - CONVERSION
BOE_20240919_40 - CONVERSION
BOE_20240919_41 - CONVERSION
BOPH_20240919_4 - CONVERSION
BOA_20240919_1 - CONVERSION
BOA_20240919_2 - CONVERSION
BOA_20240919_3 - CONVERSION
BOA_20240919_5 - CONVERSION
BOE_20240919_42 - CONVERSION
BOE_20240919_43 - CONVERSION
BOE_20240919_44 - CONVERSION
BOE_20240919_45 - CONVERSION
BOE_20240919_46 - CONVERSION
BOE_20240919_47 - CONVERSION
BOE_20240919_48 - CONVERSION
BOE_20240919_49 - CONVERSION
BOE_20240919_50 - CONVERSION
BOE_20240919_51 - CONVERSION
BOE_20240919_52 - CONVERSION
BOE_20240919_53 - CONVERSION
BOPZ_20240919_1 - CONVERSION
BOPZ_20240919_2 - CONVERSION
BOPZ_20240919_3 - CONVERSION
BOPZ_20240919_4 - CONVERSION
BOPZ_20240919_7 - CONVERSION
BOPZ_20240919_8 - CONVERSION
BOPZ_20240919_9 - CONVERSION
BOPZ_20240919_10 - CONVERSION
BOPZ_20240919_11 - CONVERSION
BOPZ_20240919_18 - CONVERSION
BOPZ_20240919_22 - CONVERSION
BOPZ_20240919_34 - CONVERSION
BOA_20240919_1 - EXTRACCION
BOA_20240919_2 - EXTRACCION
BOE_20240919_1 - CONVERSION
BOE_20240919_2 - CONVERSION
BOE_20240919_3 - CONVERSION
BOE_20240919_4 - CONVERSION
BOE_20240919_5 - CONVERSION
BOE_20240919_6 - CONVERSION
BOE_20240919_7 - CONVERSION
BOE_20240919_8 - CONVERSION
BOE_20240919_9 - CONVERSION
BOE_20240919_10 - CONVERSION
BOE_20240919_11 - CONVERSION
BOE_20240919_12 - CONVERSION
BOE_20240919_13 - CONVERSION
BOE_20240919_14 - CONVERSION
BOE_20240919_15 - CONVERSION
BOE_20240919_16 - CONVERSION
BOE_20240919_17 - CONVERSION
BOE_20240919_18 - CONVERSION
BOE_20240919_19 - CONVERSION
BOE_20240919_20 - CONVERSION
BOE_20240919_21 - CONVERSION
BOE_20240919_22 - CONVERSION
BOE_20240919_23 - CONVERSION
BOE_20240919_24 - CONVERSION
BOE_20240919_25 - CONVERSION
BOE_20240919_26 - CONVERSION
BOE_20240919_27 - CONVERSION
BOE_20240919_28 - CONVERSION
BOE_20240919_29 - CONVERSION
BOE_20240919_30 - CONVERSION
BOE_20240919_31 - CONVERSION
BOE_20240919_32 - CONVERSION
BOE_20240919_33 - CONVERSION
BOE_20240919_34 - CONVERSION
BOE_20240919_35 - CONVERSION
BOE_20240919_36 - CONVERSION
BOE_20240919_37 - CONVERSION
BOE_20240919_38 - CONVERSION
BOE_20240919_39 - CONVERSION
BOE_20240919_40 - CONVERSION
BOE_20240919_41 - CONVERSION
BOPH_20240919_4 - CONVERSION
BOA_20240919_1 - CONVERSION
BOA_20240919_2 - CONVERSION
BOA_20240919_3 - CONVERSION
BOA_20240919_5 - CONVERSION
BOE_20240919_42 - CONVERSION
BOE_20240919_43 - CONVERSION
BOE_20240919_44 - CONVERSION
BOE_20240919_45 - CONVERSION
BOE_20240919_46 - CONVERSION
BOE_20240919_47 - CONVERSION
BOE_20240919_48 - CONVERSION
BOE_20240919_49 - CONVERSION
BOE_20240919_50 - CONVERSION
BOE_20240919_51 - CONVERSION
BOE_20240919_52 - CONVERSION
BOE_20240919_53 - CONVERSION
BOPZ_20240919_1 - CONVERSION
BOPZ_20240919_2 - CONVERSION
BOPZ_20240919_3 - CONVERSION
BOPZ_20240919_4 - CONVERSION
BOPZ_20240919_7 - CONVERSION
BOPZ_20240919_8 - CONVERSION
BOPZ_20240919_9 - CONVERSION
BOPZ_20240919_10 - CONVERSION
BOPZ_20240919_11 - CONVERSION
BOPZ_20240919_18 - CONVERSION
BOPZ_20240919_22 - CONVERSION
BOPZ_20240919_34 - CONVERSION
BOA_20240919_1 - EXTRACCION
BOA_20240919_2 - EXTRACCION
BOA_20240919_3 - EXTRACCION
BOA_20240919_5 - EXTRACCION
BOE_20240919_42 - EXTRACCION
BOE_20240919_43 - EXTRACCION
BOE_20240919_44 - EXTRACCION
BOE_20240919_45 - EXTRACCION
BOE_20240919_46 - EXTRACCION
BOE_20240919_47 - EXTRACCION
BOE_20240919_48 - EXTRACCION
BOE_20240919_49 - EXTRACCION
BOE_20240919_50 - EXTRACCION
BOE_20240919_51 - EXTRACCION
BOE_20240919_52 - EXTRACCION
BOE_20240919_53 - EXTRACCION
BOPZ_20240919_1 - EXTRACCION
BOPZ_20240919_2 - EXTRACCION
BOPZ_20240919_3 - EXTRACCION
BOPZ_20240919_4 - EXTRACCION
BOPZ_20240919_7 - EXTRACCION
BOPZ_20240919_8 - EXTRACCION
BOPZ_20240919_9 - EXTRACCION
BOPZ_20240919_10 - EXTRACCION
BOPZ_20240919_11 - EXTRACCION
BOPZ_20240919_18 - EXTRACCION
BOPZ_20240919_22 - EXTRACCION
BOPZ_20240919_34 - EXTRACCION
BOPZ_20240919_11 - CONVERSION
BOA_20240919_1 - EXTRACCION
BOA_20240919_2 - EXTRACCION
BOPZ_20240919_11 - CONVERSION
BOA_20240919_1 - EXTRACCION
BOA_20240919_2 - EXTRACCION
BOPZ_20240919_11 - EXTRACCION
